  [1m[36m (17.8ms)[0m  [1mCREATE TABLE `schema_migrations` (`version` varchar(255) NOT NULL) ENGINE=InnoDB[0m
  [1m[35m (21.3ms)[0m  CREATE UNIQUE INDEX `unique_schema_migrations`  ON `schema_migrations` (`version`) 
  [1m[36mActiveRecord::SchemaMigration Load (0.2ms)[0m  [1mSELECT `schema_migrations`.* FROM `schema_migrations`[0m


Started GET "/" for ::1 at 2016-01-23 14:59:25 -0800

Psych::BadAlias (Cannot load `Rails.application.database_configuration`:
Unknown alias: shared):
  /Users/galdara/.rbenv/versions/2.3.0/lib/ruby/2.3.0/psych/visitors/to_ruby.rb:319:in `block in visit_Psych_Nodes_Alias'
  /Users/galdara/.rbenv/versions/2.3.0/lib/ruby/2.3.0/psych/visitors/to_ruby.rb:319:in `fetch'
  /Users/galdara/.rbenv/versions/2.3.0/lib/ruby/2.3.0/psych/visitors/to_ruby.rb:319:in `visit_Psych_Nodes_Alias'
  /Users/galdara/.rbenv/versions/2.3.0/lib/ruby/2.3.0/psych/visitors/visitor.rb:16:in `visit'
  /Users/galdara/.rbenv/versions/2.3.0/lib/ruby/2.3.0/psych/visitors/visitor.rb:6:in `accept'
  /Users/galdara/.rbenv/versions/2.3.0/lib/ruby/2.3.0/psych/visitors/to_ruby.rb:32:in `accept'
  /Users/galdara/.rbenv/versions/2.3.0/lib/ruby/2.3.0/psych/visitors/to_ruby.rb:338:in `block in revive_hash'
  /Users/galdara/.rbenv/versions/2.3.0/lib/ruby/2.3.0/psych/visitors/to_ruby.rb:336:in `each'
  /Users/galdara/.rbenv/versions/2.3.0/lib/ruby/2.3.0/psych/visitors/to_ruby.rb:336:in `each_slice'
  /Users/galdara/.rbenv/versions/2.3.0/lib/ruby/2.3.0/psych/visitors/to_ruby.rb:336:in `revive_hash'
  /Users/galdara/.rbenv/versions/2.3.0/lib/ruby/2.3.0/psych/visitors/to_ruby.rb:162:in `visit_Psych_Nodes_Mapping'
  /Users/galdara/.rbenv/versions/2.3.0/lib/ruby/2.3.0/psych/visitors/visitor.rb:16:in `visit'
  /Users/galdara/.rbenv/versions/2.3.0/lib/ruby/2.3.0/psych/visitors/visitor.rb:6:in `accept'
  /Users/galdara/.rbenv/versions/2.3.0/lib/ruby/2.3.0/psych/visitors/to_ruby.rb:32:in `accept'
  /Users/galdara/.rbenv/versions/2.3.0/lib/ruby/2.3.0/psych/visitors/to_ruby.rb:338:in `block in revive_hash'
  /Users/galdara/.rbenv/versions/2.3.0/lib/ruby/2.3.0/psych/visitors/to_ruby.rb:336:in `each'
  /Users/galdara/.rbenv/versions/2.3.0/lib/ruby/2.3.0/psych/visitors/to_ruby.rb:336:in `each_slice'
  /Users/galdara/.rbenv/versions/2.3.0/lib/ruby/2.3.0/psych/visitors/to_ruby.rb:336:in `revive_hash'
  /Users/galdara/.rbenv/versions/2.3.0/lib/ruby/2.3.0/psych/visitors/to_ruby.rb:162:in `visit_Psych_Nodes_Mapping'
  /Users/galdara/.rbenv/versions/2.3.0/lib/ruby/2.3.0/psych/visitors/visitor.rb:16:in `visit'
  /Users/galdara/.rbenv/versions/2.3.0/lib/ruby/2.3.0/psych/visitors/visitor.rb:6:in `accept'
  /Users/galdara/.rbenv/versions/2.3.0/lib/ruby/2.3.0/psych/visitors/to_ruby.rb:32:in `accept'
  /Users/galdara/.rbenv/versions/2.3.0/lib/ruby/2.3.0/psych/visitors/to_ruby.rb:311:in `visit_Psych_Nodes_Document'
  /Users/galdara/.rbenv/versions/2.3.0/lib/ruby/2.3.0/psych/visitors/visitor.rb:16:in `visit'
  /Users/galdara/.rbenv/versions/2.3.0/lib/ruby/2.3.0/psych/visitors/visitor.rb:6:in `accept'
  /Users/galdara/.rbenv/versions/2.3.0/lib/ruby/2.3.0/psych/visitors/to_ruby.rb:32:in `accept'
  /Users/galdara/.rbenv/versions/2.3.0/lib/ruby/2.3.0/psych/nodes/node.rb:38:in `to_ruby'
  /Users/galdara/.rbenv/versions/2.3.0/lib/ruby/2.3.0/psych.rb:253:in `load'
  railties (4.2.4) lib/rails/application/configuration.rb:104:in `database_configuration'
  activerecord (4.2.4) lib/active_record/railtie.rb:117:in `block (2 levels) in <class:Railtie>'
  activesupport (4.2.4) lib/active_support/lazy_load_hooks.rb:38:in `instance_eval'
  activesupport (4.2.4) lib/active_support/lazy_load_hooks.rb:38:in `execute_hook'
  activesupport (4.2.4) lib/active_support/lazy_load_hooks.rb:45:in `block in run_load_hooks'
  activesupport (4.2.4) lib/active_support/lazy_load_hooks.rb:44:in `each'
  activesupport (4.2.4) lib/active_support/lazy_load_hooks.rb:44:in `run_load_hooks'
  activerecord (4.2.4) lib/active_record/base.rb:315:in `<module:ActiveRecord>'
  activerecord (4.2.4) lib/active_record/base.rb:26:in `<top (required)>'
  activesupport (4.2.4) lib/active_support/dependencies.rb:274:in `require'
  activesupport (4.2.4) lib/active_support/dependencies.rb:274:in `block in require'
  activesupport (4.2.4) lib/active_support/dependencies.rb:240:in `load_dependency'
  activesupport (4.2.4) lib/active_support/dependencies.rb:274:in `require'
  activerecord (4.2.4) lib/active_record/migration.rb:383:in `connection'
  activerecord (4.2.4) lib/active_record/migration.rb:370:in `call'
  actionpack (4.2.4) lib/action_dispatch/middleware/callbacks.rb:29:in `block in call'
  activesupport (4.2.4) lib/active_support/callbacks.rb:88:in `__run_callbacks__'
  activesupport (4.2.4) lib/active_support/callbacks.rb:778:in `_run_call_callbacks'
  activesupport (4.2.4) lib/active_support/callbacks.rb:81:in `run_callbacks'
  actionpack (4.2.4) lib/action_dispatch/middleware/callbacks.rb:27:in `call'
  actionpack (4.2.4) lib/action_dispatch/middleware/reloader.rb:73:in `call'
  actionpack (4.2.4) lib/action_dispatch/middleware/remote_ip.rb:78:in `call'
  actionpack (4.2.4) lib/action_dispatch/middleware/debug_exceptions.rb:17:in `call'
  web-console (2.2.1) lib/web_console/middleware.rb:39:in `call'
  actionpack (4.2.4) lib/action_dispatch/middleware/show_exceptions.rb:30:in `call'
  railties (4.2.4) lib/rails/rack/logger.rb:38:in `call_app'
  railties (4.2.4) lib/rails/rack/logger.rb:20:in `block in call'
  activesupport (4.2.4) lib/active_support/tagged_logging.rb:68:in `block in tagged'
  activesupport (4.2.4) lib/active_support/tagged_logging.rb:26:in `tagged'
  activesupport (4.2.4) lib/active_support/tagged_logging.rb:68:in `tagged'
  railties (4.2.4) lib/rails/rack/logger.rb:20:in `call'
  actionpack (4.2.4) lib/action_dispatch/middleware/request_id.rb:21:in `call'
  rack (1.6.4) lib/rack/methodoverride.rb:22:in `call'
  rack (1.6.4) lib/rack/runtime.rb:18:in `call'
  activesupport (4.2.4) lib/active_support/cache/strategy/local_cache_middleware.rb:28:in `call'
  rack (1.6.4) lib/rack/lock.rb:17:in `call'
  actionpack (4.2.4) lib/action_dispatch/middleware/static.rb:116:in `call'
  rack (1.6.4) lib/rack/sendfile.rb:113:in `call'
  railties (4.2.4) lib/rails/engine.rb:518:in `call'
  railties (4.2.4) lib/rails/application.rb:165:in `call'
  rack (1.6.4) lib/rack/lock.rb:17:in `call'
  rack (1.6.4) lib/rack/content_length.rb:15:in `call'
  rack (1.6.4) lib/rack/handler/webrick.rb:88:in `service'
  /Users/galdara/.rbenv/versions/2.3.0/lib/ruby/2.3.0/webrick/httpserver.rb:140:in `service'
  /Users/galdara/.rbenv/versions/2.3.0/lib/ruby/2.3.0/webrick/httpserver.rb:96:in `run'
  /Users/galdara/.rbenv/versions/2.3.0/lib/ruby/2.3.0/webrick/server.rb:296:in `block in start_thread'


  Rendered /Users/galdara/.rbenv/versions/2.3.0/lib/ruby/gems/2.3.0/gems/actionpack-4.2.4/lib/action_dispatch/middleware/templates/rescues/_source.erb (5.1ms)
  Rendered /Users/galdara/.rbenv/versions/2.3.0/lib/ruby/gems/2.3.0/gems/actionpack-4.2.4/lib/action_dispatch/middleware/templates/rescues/_trace.html.erb (2.1ms)
  Rendered /Users/galdara/.rbenv/versions/2.3.0/lib/ruby/gems/2.3.0/gems/actionpack-4.2.4/lib/action_dispatch/middleware/templates/rescues/_request_and_response.html.erb (1.1ms)
  Rendered /Users/galdara/.rbenv/versions/2.3.0/lib/ruby/gems/2.3.0/gems/actionpack-4.2.4/lib/action_dispatch/middleware/templates/rescues/diagnostics.html.erb within rescues/layout (65.8ms)
  Rendered /Users/galdara/.rbenv/versions/2.3.0/lib/ruby/gems/2.3.0/gems/web-console-2.2.1/lib/web_console/templates/_markup.html.erb (0.4ms)
  Rendered /Users/galdara/.rbenv/versions/2.3.0/lib/ruby/gems/2.3.0/gems/web-console-2.2.1/lib/web_console/templates/_inner_console_markup.html.erb within layouts/inlined_string (0.3ms)
  Rendered /Users/galdara/.rbenv/versions/2.3.0/lib/ruby/gems/2.3.0/gems/web-console-2.2.1/lib/web_console/templates/_prompt_box_markup.html.erb within layouts/inlined_string (0.3ms)
  Rendered /Users/galdara/.rbenv/versions/2.3.0/lib/ruby/gems/2.3.0/gems/web-console-2.2.1/lib/web_console/templates/style.css.erb within layouts/inlined_string (0.3ms)
  Rendered /Users/galdara/.rbenv/versions/2.3.0/lib/ruby/gems/2.3.0/gems/web-console-2.2.1/lib/web_console/templates/console.js.erb within layouts/javascript (56.9ms)
  Rendered /Users/galdara/.rbenv/versions/2.3.0/lib/ruby/gems/2.3.0/gems/web-console-2.2.1/lib/web_console/templates/main.js.erb within layouts/javascript (0.5ms)
  Rendered /Users/galdara/.rbenv/versions/2.3.0/lib/ruby/gems/2.3.0/gems/web-console-2.2.1/lib/web_console/templates/error_page.js.erb within layouts/javascript (0.5ms)
  Rendered /Users/galdara/.rbenv/versions/2.3.0/lib/ruby/gems/2.3.0/gems/web-console-2.2.1/lib/web_console/templates/index.html.erb (131.3ms)


Started GET "/" for ::1 at 2016-01-23 14:59:54 -0800

ActiveRecord::ConnectionNotEstablished (No connection pool for ActiveRecord::Base):
  activerecord (4.2.4) lib/active_record/connection_adapters/abstract/connection_pool.rb:570:in `retrieve_connection'
  activerecord (4.2.4) lib/active_record/connection_handling.rb:113:in `retrieve_connection'
  activerecord (4.2.4) lib/active_record/connection_handling.rb:87:in `connection'
  activerecord (4.2.4) lib/active_record/migration.rb:383:in `connection'
  activerecord (4.2.4) lib/active_record/migration.rb:370:in `call'
  actionpack (4.2.4) lib/action_dispatch/middleware/callbacks.rb:29:in `block in call'
  activesupport (4.2.4) lib/active_support/callbacks.rb:88:in `__run_callbacks__'
  activesupport (4.2.4) lib/active_support/callbacks.rb:778:in `_run_call_callbacks'
  activesupport (4.2.4) lib/active_support/callbacks.rb:81:in `run_callbacks'
  actionpack (4.2.4) lib/action_dispatch/middleware/callbacks.rb:27:in `call'
  actionpack (4.2.4) lib/action_dispatch/middleware/reloader.rb:73:in `call'
  actionpack (4.2.4) lib/action_dispatch/middleware/remote_ip.rb:78:in `call'
  actionpack (4.2.4) lib/action_dispatch/middleware/debug_exceptions.rb:17:in `call'
  web-console (2.2.1) lib/web_console/middleware.rb:39:in `call'
  actionpack (4.2.4) lib/action_dispatch/middleware/show_exceptions.rb:30:in `call'
  railties (4.2.4) lib/rails/rack/logger.rb:38:in `call_app'
  railties (4.2.4) lib/rails/rack/logger.rb:20:in `block in call'
  activesupport (4.2.4) lib/active_support/tagged_logging.rb:68:in `block in tagged'
  activesupport (4.2.4) lib/active_support/tagged_logging.rb:26:in `tagged'
  activesupport (4.2.4) lib/active_support/tagged_logging.rb:68:in `tagged'
  railties (4.2.4) lib/rails/rack/logger.rb:20:in `call'
  actionpack (4.2.4) lib/action_dispatch/middleware/request_id.rb:21:in `call'
  rack (1.6.4) lib/rack/methodoverride.rb:22:in `call'
  rack (1.6.4) lib/rack/runtime.rb:18:in `call'
  activesupport (4.2.4) lib/active_support/cache/strategy/local_cache_middleware.rb:28:in `call'
  rack (1.6.4) lib/rack/lock.rb:17:in `call'
  actionpack (4.2.4) lib/action_dispatch/middleware/static.rb:116:in `call'
  rack (1.6.4) lib/rack/sendfile.rb:113:in `call'
  railties (4.2.4) lib/rails/engine.rb:518:in `call'
  railties (4.2.4) lib/rails/application.rb:165:in `call'
  rack (1.6.4) lib/rack/lock.rb:17:in `call'
  rack (1.6.4) lib/rack/content_length.rb:15:in `call'
  rack (1.6.4) lib/rack/handler/webrick.rb:88:in `service'
  /Users/galdara/.rbenv/versions/2.3.0/lib/ruby/2.3.0/webrick/httpserver.rb:140:in `service'
  /Users/galdara/.rbenv/versions/2.3.0/lib/ruby/2.3.0/webrick/httpserver.rb:96:in `run'
  /Users/galdara/.rbenv/versions/2.3.0/lib/ruby/2.3.0/webrick/server.rb:296:in `block in start_thread'


  Rendered /Users/galdara/.rbenv/versions/2.3.0/lib/ruby/gems/2.3.0/gems/actionpack-4.2.4/lib/action_dispatch/middleware/templates/rescues/_source.erb (2.0ms)
  Rendered /Users/galdara/.rbenv/versions/2.3.0/lib/ruby/gems/2.3.0/gems/actionpack-4.2.4/lib/action_dispatch/middleware/templates/rescues/_trace.html.erb (1.3ms)
  Rendered /Users/galdara/.rbenv/versions/2.3.0/lib/ruby/gems/2.3.0/gems/actionpack-4.2.4/lib/action_dispatch/middleware/templates/rescues/_request_and_response.html.erb (1.0ms)
  Rendered /Users/galdara/.rbenv/versions/2.3.0/lib/ruby/gems/2.3.0/gems/actionpack-4.2.4/lib/action_dispatch/middleware/templates/rescues/diagnostics.html.erb within rescues/layout (52.2ms)
  Rendered /Users/galdara/.rbenv/versions/2.3.0/lib/ruby/gems/2.3.0/gems/web-console-2.2.1/lib/web_console/templates/_markup.html.erb (0.4ms)
  Rendered /Users/galdara/.rbenv/versions/2.3.0/lib/ruby/gems/2.3.0/gems/web-console-2.2.1/lib/web_console/templates/_inner_console_markup.html.erb within layouts/inlined_string (0.4ms)
  Rendered /Users/galdara/.rbenv/versions/2.3.0/lib/ruby/gems/2.3.0/gems/web-console-2.2.1/lib/web_console/templates/_prompt_box_markup.html.erb within layouts/inlined_string (0.3ms)
  Rendered /Users/galdara/.rbenv/versions/2.3.0/lib/ruby/gems/2.3.0/gems/web-console-2.2.1/lib/web_console/templates/style.css.erb within layouts/inlined_string (0.4ms)
  Rendered /Users/galdara/.rbenv/versions/2.3.0/lib/ruby/gems/2.3.0/gems/web-console-2.2.1/lib/web_console/templates/console.js.erb within layouts/javascript (46.4ms)
  Rendered /Users/galdara/.rbenv/versions/2.3.0/lib/ruby/gems/2.3.0/gems/web-console-2.2.1/lib/web_console/templates/main.js.erb within layouts/javascript (0.4ms)
  Rendered /Users/galdara/.rbenv/versions/2.3.0/lib/ruby/gems/2.3.0/gems/web-console-2.2.1/lib/web_console/templates/error_page.js.erb within layouts/javascript (0.4ms)
  Rendered /Users/galdara/.rbenv/versions/2.3.0/lib/ruby/gems/2.3.0/gems/web-console-2.2.1/lib/web_console/templates/index.html.erb (105.8ms)
  [1m[36m (2.4ms)[0m  [1mDROP DATABASE IF EXISTS `matchtrak_test`[0m
  [1m[35m (0.3ms)[0m  CREATE DATABASE `matchtrak_test` DEFAULT CHARACTER SET `utf8` COLLATE `utf8_unicode_ci`
  [1m[36m (14.2ms)[0m  [1mCREATE TABLE `schema_migrations` (`version` varchar(255) NOT NULL) ENGINE=InnoDB[0m
  [1m[35m (18.8ms)[0m  CREATE UNIQUE INDEX `unique_schema_migrations`  ON `schema_migrations` (`version`) 
  [1m[36m (0.2ms)[0m  [1mSELECT version FROM `schema_migrations`[0m
  [1m[35m (0.3ms)[0m  INSERT INTO `schema_migrations` (version) VALUES ('0')


Started GET "/" for ::1 at 2016-01-23 15:25:37 -0800

ActiveRecord::ConnectionNotEstablished (No connection pool for ActiveRecord::Base):
  activerecord (4.2.4) lib/active_record/connection_adapters/abstract/connection_pool.rb:570:in `retrieve_connection'
  activerecord (4.2.4) lib/active_record/connection_handling.rb:113:in `retrieve_connection'
  activerecord (4.2.4) lib/active_record/connection_handling.rb:87:in `connection'
  activerecord (4.2.4) lib/active_record/migration.rb:383:in `connection'
  activerecord (4.2.4) lib/active_record/migration.rb:370:in `call'
  actionpack (4.2.4) lib/action_dispatch/middleware/callbacks.rb:29:in `block in call'
  activesupport (4.2.4) lib/active_support/callbacks.rb:88:in `__run_callbacks__'
  activesupport (4.2.4) lib/active_support/callbacks.rb:778:in `_run_call_callbacks'
  activesupport (4.2.4) lib/active_support/callbacks.rb:81:in `run_callbacks'
  actionpack (4.2.4) lib/action_dispatch/middleware/callbacks.rb:27:in `call'
  actionpack (4.2.4) lib/action_dispatch/middleware/reloader.rb:73:in `call'
  actionpack (4.2.4) lib/action_dispatch/middleware/remote_ip.rb:78:in `call'
  actionpack (4.2.4) lib/action_dispatch/middleware/debug_exceptions.rb:17:in `call'
  web-console (2.2.1) lib/web_console/middleware.rb:39:in `call'
  actionpack (4.2.4) lib/action_dispatch/middleware/show_exceptions.rb:30:in `call'
  railties (4.2.4) lib/rails/rack/logger.rb:38:in `call_app'
  railties (4.2.4) lib/rails/rack/logger.rb:20:in `block in call'
  activesupport (4.2.4) lib/active_support/tagged_logging.rb:68:in `block in tagged'
  activesupport (4.2.4) lib/active_support/tagged_logging.rb:26:in `tagged'
  activesupport (4.2.4) lib/active_support/tagged_logging.rb:68:in `tagged'
  railties (4.2.4) lib/rails/rack/logger.rb:20:in `call'
  actionpack (4.2.4) lib/action_dispatch/middleware/request_id.rb:21:in `call'
  rack (1.6.4) lib/rack/methodoverride.rb:22:in `call'
  rack (1.6.4) lib/rack/runtime.rb:18:in `call'
  activesupport (4.2.4) lib/active_support/cache/strategy/local_cache_middleware.rb:28:in `call'
  rack (1.6.4) lib/rack/lock.rb:17:in `call'
  actionpack (4.2.4) lib/action_dispatch/middleware/static.rb:116:in `call'
  rack (1.6.4) lib/rack/sendfile.rb:113:in `call'
  railties (4.2.4) lib/rails/engine.rb:518:in `call'
  railties (4.2.4) lib/rails/application.rb:165:in `call'
  rack (1.6.4) lib/rack/lock.rb:17:in `call'
  rack (1.6.4) lib/rack/content_length.rb:15:in `call'
  rack (1.6.4) lib/rack/handler/webrick.rb:88:in `service'
  /Users/galdara/.rbenv/versions/2.3.0/lib/ruby/2.3.0/webrick/httpserver.rb:140:in `service'
  /Users/galdara/.rbenv/versions/2.3.0/lib/ruby/2.3.0/webrick/httpserver.rb:96:in `run'
  /Users/galdara/.rbenv/versions/2.3.0/lib/ruby/2.3.0/webrick/server.rb:296:in `block in start_thread'


  Rendered /Users/galdara/.rbenv/versions/2.3.0/lib/ruby/gems/2.3.0/gems/actionpack-4.2.4/lib/action_dispatch/middleware/templates/rescues/_source.erb (2.3ms)
  Rendered /Users/galdara/.rbenv/versions/2.3.0/lib/ruby/gems/2.3.0/gems/actionpack-4.2.4/lib/action_dispatch/middleware/templates/rescues/_trace.html.erb (1.5ms)
  Rendered /Users/galdara/.rbenv/versions/2.3.0/lib/ruby/gems/2.3.0/gems/actionpack-4.2.4/lib/action_dispatch/middleware/templates/rescues/_request_and_response.html.erb (0.8ms)
  Rendered /Users/galdara/.rbenv/versions/2.3.0/lib/ruby/gems/2.3.0/gems/actionpack-4.2.4/lib/action_dispatch/middleware/templates/rescues/diagnostics.html.erb within rescues/layout (54.6ms)
  Rendered /Users/galdara/.rbenv/versions/2.3.0/lib/ruby/gems/2.3.0/gems/web-console-2.2.1/lib/web_console/templates/_markup.html.erb (0.4ms)
  Rendered /Users/galdara/.rbenv/versions/2.3.0/lib/ruby/gems/2.3.0/gems/web-console-2.2.1/lib/web_console/templates/_inner_console_markup.html.erb within layouts/inlined_string (0.3ms)
  Rendered /Users/galdara/.rbenv/versions/2.3.0/lib/ruby/gems/2.3.0/gems/web-console-2.2.1/lib/web_console/templates/_prompt_box_markup.html.erb within layouts/inlined_string (0.6ms)
  Rendered /Users/galdara/.rbenv/versions/2.3.0/lib/ruby/gems/2.3.0/gems/web-console-2.2.1/lib/web_console/templates/style.css.erb within layouts/inlined_string (0.4ms)
  Rendered /Users/galdara/.rbenv/versions/2.3.0/lib/ruby/gems/2.3.0/gems/web-console-2.2.1/lib/web_console/templates/console.js.erb within layouts/javascript (50.1ms)
  Rendered /Users/galdara/.rbenv/versions/2.3.0/lib/ruby/gems/2.3.0/gems/web-console-2.2.1/lib/web_console/templates/main.js.erb within layouts/javascript (0.4ms)
  Rendered /Users/galdara/.rbenv/versions/2.3.0/lib/ruby/gems/2.3.0/gems/web-console-2.2.1/lib/web_console/templates/error_page.js.erb within layouts/javascript (0.4ms)
  Rendered /Users/galdara/.rbenv/versions/2.3.0/lib/ruby/gems/2.3.0/gems/web-console-2.2.1/lib/web_console/templates/index.html.erb (106.9ms)


Started GET "/" for ::1 at 2016-01-23 15:25:41 -0800

ActiveRecord::ConnectionNotEstablished (No connection pool for ActiveRecord::Base):
  activerecord (4.2.4) lib/active_record/connection_adapters/abstract/connection_pool.rb:570:in `retrieve_connection'
  activerecord (4.2.4) lib/active_record/connection_handling.rb:113:in `retrieve_connection'
  activerecord (4.2.4) lib/active_record/connection_handling.rb:87:in `connection'
  activerecord (4.2.4) lib/active_record/migration.rb:383:in `connection'
  activerecord (4.2.4) lib/active_record/migration.rb:370:in `call'
  actionpack (4.2.4) lib/action_dispatch/middleware/callbacks.rb:29:in `block in call'
  activesupport (4.2.4) lib/active_support/callbacks.rb:88:in `__run_callbacks__'
  activesupport (4.2.4) lib/active_support/callbacks.rb:778:in `_run_call_callbacks'
  activesupport (4.2.4) lib/active_support/callbacks.rb:81:in `run_callbacks'
  actionpack (4.2.4) lib/action_dispatch/middleware/callbacks.rb:27:in `call'
  actionpack (4.2.4) lib/action_dispatch/middleware/reloader.rb:73:in `call'
  actionpack (4.2.4) lib/action_dispatch/middleware/remote_ip.rb:78:in `call'
  actionpack (4.2.4) lib/action_dispatch/middleware/debug_exceptions.rb:17:in `call'
  web-console (2.2.1) lib/web_console/middleware.rb:39:in `call'
  actionpack (4.2.4) lib/action_dispatch/middleware/show_exceptions.rb:30:in `call'
  railties (4.2.4) lib/rails/rack/logger.rb:38:in `call_app'
  railties (4.2.4) lib/rails/rack/logger.rb:20:in `block in call'
  activesupport (4.2.4) lib/active_support/tagged_logging.rb:68:in `block in tagged'
  activesupport (4.2.4) lib/active_support/tagged_logging.rb:26:in `tagged'
  activesupport (4.2.4) lib/active_support/tagged_logging.rb:68:in `tagged'
  railties (4.2.4) lib/rails/rack/logger.rb:20:in `call'
  actionpack (4.2.4) lib/action_dispatch/middleware/request_id.rb:21:in `call'
  rack (1.6.4) lib/rack/methodoverride.rb:22:in `call'
  rack (1.6.4) lib/rack/runtime.rb:18:in `call'
  activesupport (4.2.4) lib/active_support/cache/strategy/local_cache_middleware.rb:28:in `call'
  rack (1.6.4) lib/rack/lock.rb:17:in `call'
  actionpack (4.2.4) lib/action_dispatch/middleware/static.rb:116:in `call'
  rack (1.6.4) lib/rack/sendfile.rb:113:in `call'
  railties (4.2.4) lib/rails/engine.rb:518:in `call'
  railties (4.2.4) lib/rails/application.rb:165:in `call'
  rack (1.6.4) lib/rack/lock.rb:17:in `call'
  rack (1.6.4) lib/rack/content_length.rb:15:in `call'
  rack (1.6.4) lib/rack/handler/webrick.rb:88:in `service'
  /Users/galdara/.rbenv/versions/2.3.0/lib/ruby/2.3.0/webrick/httpserver.rb:140:in `service'
  /Users/galdara/.rbenv/versions/2.3.0/lib/ruby/2.3.0/webrick/httpserver.rb:96:in `run'
  /Users/galdara/.rbenv/versions/2.3.0/lib/ruby/2.3.0/webrick/server.rb:296:in `block in start_thread'


  Rendered /Users/galdara/.rbenv/versions/2.3.0/lib/ruby/gems/2.3.0/gems/actionpack-4.2.4/lib/action_dispatch/middleware/templates/rescues/_source.erb (2.3ms)
  Rendered /Users/galdara/.rbenv/versions/2.3.0/lib/ruby/gems/2.3.0/gems/actionpack-4.2.4/lib/action_dispatch/middleware/templates/rescues/_trace.html.erb (1.4ms)
  Rendered /Users/galdara/.rbenv/versions/2.3.0/lib/ruby/gems/2.3.0/gems/actionpack-4.2.4/lib/action_dispatch/middleware/templates/rescues/_request_and_response.html.erb (0.9ms)
  Rendered /Users/galdara/.rbenv/versions/2.3.0/lib/ruby/gems/2.3.0/gems/actionpack-4.2.4/lib/action_dispatch/middleware/templates/rescues/diagnostics.html.erb within rescues/layout (55.6ms)
  Rendered /Users/galdara/.rbenv/versions/2.3.0/lib/ruby/gems/2.3.0/gems/web-console-2.2.1/lib/web_console/templates/_markup.html.erb (0.4ms)
  Rendered /Users/galdara/.rbenv/versions/2.3.0/lib/ruby/gems/2.3.0/gems/web-console-2.2.1/lib/web_console/templates/_inner_console_markup.html.erb within layouts/inlined_string (0.4ms)
  Rendered /Users/galdara/.rbenv/versions/2.3.0/lib/ruby/gems/2.3.0/gems/web-console-2.2.1/lib/web_console/templates/_prompt_box_markup.html.erb within layouts/inlined_string (0.6ms)
  Rendered /Users/galdara/.rbenv/versions/2.3.0/lib/ruby/gems/2.3.0/gems/web-console-2.2.1/lib/web_console/templates/style.css.erb within layouts/inlined_string (0.3ms)
  Rendered /Users/galdara/.rbenv/versions/2.3.0/lib/ruby/gems/2.3.0/gems/web-console-2.2.1/lib/web_console/templates/console.js.erb within layouts/javascript (50.2ms)
  Rendered /Users/galdara/.rbenv/versions/2.3.0/lib/ruby/gems/2.3.0/gems/web-console-2.2.1/lib/web_console/templates/main.js.erb within layouts/javascript (0.4ms)
  Rendered /Users/galdara/.rbenv/versions/2.3.0/lib/ruby/gems/2.3.0/gems/web-console-2.2.1/lib/web_console/templates/error_page.js.erb within layouts/javascript (0.5ms)
  Rendered /Users/galdara/.rbenv/versions/2.3.0/lib/ruby/gems/2.3.0/gems/web-console-2.2.1/lib/web_console/templates/index.html.erb (116.2ms)


Started GET "/" for ::1 at 2016-01-23 15:25:43 -0800

ActiveRecord::ConnectionNotEstablished (No connection pool for ActiveRecord::Base):
  activerecord (4.2.4) lib/active_record/connection_adapters/abstract/connection_pool.rb:570:in `retrieve_connection'
  activerecord (4.2.4) lib/active_record/connection_handling.rb:113:in `retrieve_connection'
  activerecord (4.2.4) lib/active_record/connection_handling.rb:87:in `connection'
  activerecord (4.2.4) lib/active_record/migration.rb:383:in `connection'
  activerecord (4.2.4) lib/active_record/migration.rb:370:in `call'
  actionpack (4.2.4) lib/action_dispatch/middleware/callbacks.rb:29:in `block in call'
  activesupport (4.2.4) lib/active_support/callbacks.rb:88:in `__run_callbacks__'
  activesupport (4.2.4) lib/active_support/callbacks.rb:778:in `_run_call_callbacks'
  activesupport (4.2.4) lib/active_support/callbacks.rb:81:in `run_callbacks'
  actionpack (4.2.4) lib/action_dispatch/middleware/callbacks.rb:27:in `call'
  actionpack (4.2.4) lib/action_dispatch/middleware/reloader.rb:73:in `call'
  actionpack (4.2.4) lib/action_dispatch/middleware/remote_ip.rb:78:in `call'
  actionpack (4.2.4) lib/action_dispatch/middleware/debug_exceptions.rb:17:in `call'
  web-console (2.2.1) lib/web_console/middleware.rb:39:in `call'
  actionpack (4.2.4) lib/action_dispatch/middleware/show_exceptions.rb:30:in `call'
  railties (4.2.4) lib/rails/rack/logger.rb:38:in `call_app'
  railties (4.2.4) lib/rails/rack/logger.rb:20:in `block in call'
  activesupport (4.2.4) lib/active_support/tagged_logging.rb:68:in `block in tagged'
  activesupport (4.2.4) lib/active_support/tagged_logging.rb:26:in `tagged'
  activesupport (4.2.4) lib/active_support/tagged_logging.rb:68:in `tagged'
  railties (4.2.4) lib/rails/rack/logger.rb:20:in `call'
  actionpack (4.2.4) lib/action_dispatch/middleware/request_id.rb:21:in `call'
  rack (1.6.4) lib/rack/methodoverride.rb:22:in `call'
  rack (1.6.4) lib/rack/runtime.rb:18:in `call'
  activesupport (4.2.4) lib/active_support/cache/strategy/local_cache_middleware.rb:28:in `call'
  rack (1.6.4) lib/rack/lock.rb:17:in `call'
  actionpack (4.2.4) lib/action_dispatch/middleware/static.rb:116:in `call'
  rack (1.6.4) lib/rack/sendfile.rb:113:in `call'
  railties (4.2.4) lib/rails/engine.rb:518:in `call'
  railties (4.2.4) lib/rails/application.rb:165:in `call'
  rack (1.6.4) lib/rack/lock.rb:17:in `call'
  rack (1.6.4) lib/rack/content_length.rb:15:in `call'
  rack (1.6.4) lib/rack/handler/webrick.rb:88:in `service'
  /Users/galdara/.rbenv/versions/2.3.0/lib/ruby/2.3.0/webrick/httpserver.rb:140:in `service'
  /Users/galdara/.rbenv/versions/2.3.0/lib/ruby/2.3.0/webrick/httpserver.rb:96:in `run'
  /Users/galdara/.rbenv/versions/2.3.0/lib/ruby/2.3.0/webrick/server.rb:296:in `block in start_thread'


  Rendered /Users/galdara/.rbenv/versions/2.3.0/lib/ruby/gems/2.3.0/gems/actionpack-4.2.4/lib/action_dispatch/middleware/templates/rescues/_source.erb (2.7ms)
  Rendered /Users/galdara/.rbenv/versions/2.3.0/lib/ruby/gems/2.3.0/gems/actionpack-4.2.4/lib/action_dispatch/middleware/templates/rescues/_trace.html.erb (1.7ms)
  Rendered /Users/galdara/.rbenv/versions/2.3.0/lib/ruby/gems/2.3.0/gems/actionpack-4.2.4/lib/action_dispatch/middleware/templates/rescues/_request_and_response.html.erb (0.9ms)
  Rendered /Users/galdara/.rbenv/versions/2.3.0/lib/ruby/gems/2.3.0/gems/actionpack-4.2.4/lib/action_dispatch/middleware/templates/rescues/diagnostics.html.erb within rescues/layout (55.4ms)
  Rendered /Users/galdara/.rbenv/versions/2.3.0/lib/ruby/gems/2.3.0/gems/web-console-2.2.1/lib/web_console/templates/_markup.html.erb (0.4ms)
  Rendered /Users/galdara/.rbenv/versions/2.3.0/lib/ruby/gems/2.3.0/gems/web-console-2.2.1/lib/web_console/templates/_inner_console_markup.html.erb within layouts/inlined_string (0.3ms)
  Rendered /Users/galdara/.rbenv/versions/2.3.0/lib/ruby/gems/2.3.0/gems/web-console-2.2.1/lib/web_console/templates/_prompt_box_markup.html.erb within layouts/inlined_string (0.5ms)
  Rendered /Users/galdara/.rbenv/versions/2.3.0/lib/ruby/gems/2.3.0/gems/web-console-2.2.1/lib/web_console/templates/style.css.erb within layouts/inlined_string (0.6ms)
  Rendered /Users/galdara/.rbenv/versions/2.3.0/lib/ruby/gems/2.3.0/gems/web-console-2.2.1/lib/web_console/templates/console.js.erb within layouts/javascript (50.2ms)
  Rendered /Users/galdara/.rbenv/versions/2.3.0/lib/ruby/gems/2.3.0/gems/web-console-2.2.1/lib/web_console/templates/main.js.erb within layouts/javascript (0.3ms)
  Rendered /Users/galdara/.rbenv/versions/2.3.0/lib/ruby/gems/2.3.0/gems/web-console-2.2.1/lib/web_console/templates/error_page.js.erb within layouts/javascript (0.5ms)
  Rendered /Users/galdara/.rbenv/versions/2.3.0/lib/ruby/gems/2.3.0/gems/web-console-2.2.1/lib/web_console/templates/index.html.erb (112.4ms)


Started GET "/" for ::1 at 2016-01-23 15:26:08 -0800
Processing by RootController#index as HTML
  Rendered root/index.html.haml within layouts/application (9.1ms)
Completed 200 OK in 1315ms (Views: 1305.7ms | ActiveRecord: 0.0ms)


Started GET "/assets/root.self-e3b0c44298fc1c149afbf4c8996fb92427ae41e4649b934ca495991b7852b855.css?body=1" for ::1 at 2016-01-23 15:26:10 -0800


Started GET "/assets/jquery.self-c64a74367bda6ef8b860f19e74df08927ca99d2be2ac934e9e92d5fd361e0da4.js?body=1" for ::1 at 2016-01-23 15:26:10 -0800


Started GET "/assets/jquery_ujs.self-d602bdfe68ffc63b9f9cc512872aa3cfff046228a0a36e90dd476e8ef54c1b09.js?body=1" for ::1 at 2016-01-23 15:26:10 -0800


Started GET "/assets/turbolinks.self-c37727e9bd6b2735da5c311aa83fead54ed0be6cc8bd9a65309e9c5abe2cbfff.js?body=1" for ::1 at 2016-01-23 15:26:10 -0800


Started GET "/assets/application.self-e80e8f2318043e8af94dddc2adad5a4f09739a8ebb323b3ab31cd71d45fd9113.css?body=1" for ::1 at 2016-01-23 15:26:10 -0800


Started GET "/assets/root.self-877aef30ae1b040ab8a3aba4e3e309a11d7f2612f44dde450b5c157aa5f95c05.js?body=1" for ::1 at 2016-01-23 15:26:10 -0800


Started GET "/assets/application.self-3b8dabdc891efe46b9a144b400ad69e37d7e5876bdc39dee783419a69d7ca819.js?body=1" for ::1 at 2016-01-23 15:26:10 -0800


Started GET "/img/steam.png" for ::1 at 2016-01-23 15:26:10 -0800

ActionController::RoutingError (No route matches [GET] "/img/steam.png"):
  actionpack (4.2.4) lib/action_dispatch/middleware/debug_exceptions.rb:21:in `call'
  web-console (2.2.1) lib/web_console/middleware.rb:39:in `call'
  actionpack (4.2.4) lib/action_dispatch/middleware/show_exceptions.rb:30:in `call'
  railties (4.2.4) lib/rails/rack/logger.rb:38:in `call_app'
  railties (4.2.4) lib/rails/rack/logger.rb:20:in `block in call'
  activesupport (4.2.4) lib/active_support/tagged_logging.rb:68:in `block in tagged'
  activesupport (4.2.4) lib/active_support/tagged_logging.rb:26:in `tagged'
  activesupport (4.2.4) lib/active_support/tagged_logging.rb:68:in `tagged'
  railties (4.2.4) lib/rails/rack/logger.rb:20:in `call'
  actionpack (4.2.4) lib/action_dispatch/middleware/request_id.rb:21:in `call'
  rack (1.6.4) lib/rack/methodoverride.rb:22:in `call'
  rack (1.6.4) lib/rack/runtime.rb:18:in `call'
  activesupport (4.2.4) lib/active_support/cache/strategy/local_cache_middleware.rb:28:in `call'
  rack (1.6.4) lib/rack/lock.rb:17:in `call'
  actionpack (4.2.4) lib/action_dispatch/middleware/static.rb:116:in `call'
  rack (1.6.4) lib/rack/sendfile.rb:113:in `call'
  railties (4.2.4) lib/rails/engine.rb:518:in `call'
  railties (4.2.4) lib/rails/application.rb:165:in `call'
  rack (1.6.4) lib/rack/lock.rb:17:in `call'
  rack (1.6.4) lib/rack/content_length.rb:15:in `call'
  rack (1.6.4) lib/rack/handler/webrick.rb:88:in `service'
  /Users/galdara/.rbenv/versions/2.3.0/lib/ruby/2.3.0/webrick/httpserver.rb:140:in `service'
  /Users/galdara/.rbenv/versions/2.3.0/lib/ruby/2.3.0/webrick/httpserver.rb:96:in `run'
  /Users/galdara/.rbenv/versions/2.3.0/lib/ruby/2.3.0/webrick/server.rb:296:in `block in start_thread'


  Rendered /Users/galdara/.rbenv/versions/2.3.0/lib/ruby/gems/2.3.0/gems/actionpack-4.2.4/lib/action_dispatch/middleware/templates/rescues/_trace.html.erb (1.5ms)
  Rendered /Users/galdara/.rbenv/versions/2.3.0/lib/ruby/gems/2.3.0/gems/actionpack-4.2.4/lib/action_dispatch/middleware/templates/routes/_route.html.erb (1.1ms)
  Rendered /Users/galdara/.rbenv/versions/2.3.0/lib/ruby/gems/2.3.0/gems/actionpack-4.2.4/lib/action_dispatch/middleware/templates/routes/_table.html.erb (3.2ms)
  Rendered /Users/galdara/.rbenv/versions/2.3.0/lib/ruby/gems/2.3.0/gems/actionpack-4.2.4/lib/action_dispatch/middleware/templates/rescues/_request_and_response.html.erb (4.3ms)
  Rendered /Users/galdara/.rbenv/versions/2.3.0/lib/ruby/gems/2.3.0/gems/actionpack-4.2.4/lib/action_dispatch/middleware/templates/rescues/routing_error.html.erb within rescues/layout (108.8ms)
  Rendered /Users/galdara/.rbenv/versions/2.3.0/lib/ruby/gems/2.3.0/gems/web-console-2.2.1/lib/web_console/templates/_markup.html.erb (0.6ms)
  Rendered /Users/galdara/.rbenv/versions/2.3.0/lib/ruby/gems/2.3.0/gems/web-console-2.2.1/lib/web_console/templates/_inner_console_markup.html.erb within layouts/inlined_string (0.6ms)
  Rendered /Users/galdara/.rbenv/versions/2.3.0/lib/ruby/gems/2.3.0/gems/web-console-2.2.1/lib/web_console/templates/_prompt_box_markup.html.erb within layouts/inlined_string (0.3ms)
  Rendered /Users/galdara/.rbenv/versions/2.3.0/lib/ruby/gems/2.3.0/gems/web-console-2.2.1/lib/web_console/templates/style.css.erb within layouts/inlined_string (0.6ms)
  Rendered /Users/galdara/.rbenv/versions/2.3.0/lib/ruby/gems/2.3.0/gems/web-console-2.2.1/lib/web_console/templates/console.js.erb within layouts/javascript (79.0ms)
  Rendered /Users/galdara/.rbenv/versions/2.3.0/lib/ruby/gems/2.3.0/gems/web-console-2.2.1/lib/web_console/templates/main.js.erb within layouts/javascript (0.3ms)
  Rendered /Users/galdara/.rbenv/versions/2.3.0/lib/ruby/gems/2.3.0/gems/web-console-2.2.1/lib/web_console/templates/error_page.js.erb within layouts/javascript (0.8ms)
  Rendered /Users/galdara/.rbenv/versions/2.3.0/lib/ruby/gems/2.3.0/gems/web-console-2.2.1/lib/web_console/templates/index.html.erb (187.3ms)


Started GET "/" for ::1 at 2016-01-23 15:29:16 -0800
Processing by RootController#index as HTML
  Rendered root/index.html.haml within layouts/application (19.1ms)
Completed 500 Internal Server Error in 23ms (ActiveRecord: 0.0ms)

ActionView::Template::Error (Asset was not declared to be precompiled in production.
Add `Rails.application.config.assets.precompile += %w( steam.png )` to `config/initializers/assets.rb` and restart your server):
    28:               %a{:href => "/auth/steam"}
    29:                 Sign in
    30:                 = succeed "\u{2122}" do
    31:                   = image_tag 'steam.png',{ height: '20px', :style => "position:relative;line-height:0;top:0"};
    32:                   %img{:height => "20px", :src => "/steam.png", :style => "position:relative;line-height:0;top:0"}/
    33:             %li
    34:               %a{:href => "#"} Github
  app/views/root/index.html.haml:31:in `block in _app_views_root_index_html_haml__4243600956456044469_70185607338940'
  app/views/root/index.html.haml:30:in `_app_views_root_index_html_haml__4243600956456044469_70185607338940'


  Rendered /Users/galdara/.rbenv/versions/2.3.0/lib/ruby/gems/2.3.0/gems/actionpack-4.2.4/lib/action_dispatch/middleware/templates/rescues/_source.erb (6.8ms)
  Rendered /Users/galdara/.rbenv/versions/2.3.0/lib/ruby/gems/2.3.0/gems/actionpack-4.2.4/lib/action_dispatch/middleware/templates/rescues/_trace.html.erb (4.0ms)
  Rendered /Users/galdara/.rbenv/versions/2.3.0/lib/ruby/gems/2.3.0/gems/actionpack-4.2.4/lib/action_dispatch/middleware/templates/rescues/_request_and_response.html.erb (1.1ms)
  Rendered /Users/galdara/.rbenv/versions/2.3.0/lib/ruby/gems/2.3.0/gems/actionpack-4.2.4/lib/action_dispatch/middleware/templates/rescues/template_error.html.erb within rescues/layout (68.4ms)
  Rendered /Users/galdara/.rbenv/versions/2.3.0/lib/ruby/gems/2.3.0/gems/web-console-2.2.1/lib/web_console/templates/_markup.html.erb (0.4ms)
  Rendered /Users/galdara/.rbenv/versions/2.3.0/lib/ruby/gems/2.3.0/gems/web-console-2.2.1/lib/web_console/templates/_inner_console_markup.html.erb within layouts/inlined_string (0.3ms)
  Rendered /Users/galdara/.rbenv/versions/2.3.0/lib/ruby/gems/2.3.0/gems/web-console-2.2.1/lib/web_console/templates/_prompt_box_markup.html.erb within layouts/inlined_string (0.6ms)
  Rendered /Users/galdara/.rbenv/versions/2.3.0/lib/ruby/gems/2.3.0/gems/web-console-2.2.1/lib/web_console/templates/style.css.erb within layouts/inlined_string (0.4ms)
  Rendered /Users/galdara/.rbenv/versions/2.3.0/lib/ruby/gems/2.3.0/gems/web-console-2.2.1/lib/web_console/templates/console.js.erb within layouts/javascript (53.7ms)
  Rendered /Users/galdara/.rbenv/versions/2.3.0/lib/ruby/gems/2.3.0/gems/web-console-2.2.1/lib/web_console/templates/main.js.erb within layouts/javascript (0.3ms)
  Rendered /Users/galdara/.rbenv/versions/2.3.0/lib/ruby/gems/2.3.0/gems/web-console-2.2.1/lib/web_console/templates/error_page.js.erb within layouts/javascript (0.5ms)
  Rendered /Users/galdara/.rbenv/versions/2.3.0/lib/ruby/gems/2.3.0/gems/web-console-2.2.1/lib/web_console/templates/index.html.erb (119.6ms)


Started GET "/" for ::1 at 2016-01-23 15:29:18 -0800
Processing by RootController#index as HTML
  Rendered root/index.html.haml within layouts/application (13.8ms)
Completed 500 Internal Server Error in 18ms (ActiveRecord: 0.0ms)

ActionView::Template::Error (Asset was not declared to be precompiled in production.
Add `Rails.application.config.assets.precompile += %w( steam.png )` to `config/initializers/assets.rb` and restart your server):
    28:               %a{:href => "/auth/steam"}
    29:                 Sign in
    30:                 = succeed "\u{2122}" do
    31:                   = image_tag 'steam.png',{ height: '20px', :style => "position:relative;line-height:0;top:0"};
    32:             %li
    33:               %a{:href => "#"} Github
    34:             %li
  app/views/root/index.html.haml:31:in `block in _app_views_root_index_html_haml__4243600956456044469_70185576905420'
  app/views/root/index.html.haml:30:in `_app_views_root_index_html_haml__4243600956456044469_70185576905420'


  Rendered /Users/galdara/.rbenv/versions/2.3.0/lib/ruby/gems/2.3.0/gems/actionpack-4.2.4/lib/action_dispatch/middleware/templates/rescues/_source.erb (6.0ms)
  Rendered /Users/galdara/.rbenv/versions/2.3.0/lib/ruby/gems/2.3.0/gems/actionpack-4.2.4/lib/action_dispatch/middleware/templates/rescues/_trace.html.erb (3.5ms)
  Rendered /Users/galdara/.rbenv/versions/2.3.0/lib/ruby/gems/2.3.0/gems/actionpack-4.2.4/lib/action_dispatch/middleware/templates/rescues/_request_and_response.html.erb (0.9ms)
  Rendered /Users/galdara/.rbenv/versions/2.3.0/lib/ruby/gems/2.3.0/gems/actionpack-4.2.4/lib/action_dispatch/middleware/templates/rescues/template_error.html.erb within rescues/layout (63.8ms)
  Rendered /Users/galdara/.rbenv/versions/2.3.0/lib/ruby/gems/2.3.0/gems/web-console-2.2.1/lib/web_console/templates/_markup.html.erb (0.4ms)
  Rendered /Users/galdara/.rbenv/versions/2.3.0/lib/ruby/gems/2.3.0/gems/web-console-2.2.1/lib/web_console/templates/_inner_console_markup.html.erb within layouts/inlined_string (0.4ms)
  Rendered /Users/galdara/.rbenv/versions/2.3.0/lib/ruby/gems/2.3.0/gems/web-console-2.2.1/lib/web_console/templates/_prompt_box_markup.html.erb within layouts/inlined_string (0.3ms)
  Rendered /Users/galdara/.rbenv/versions/2.3.0/lib/ruby/gems/2.3.0/gems/web-console-2.2.1/lib/web_console/templates/style.css.erb within layouts/inlined_string (0.4ms)
  Rendered /Users/galdara/.rbenv/versions/2.3.0/lib/ruby/gems/2.3.0/gems/web-console-2.2.1/lib/web_console/templates/console.js.erb within layouts/javascript (55.5ms)
  Rendered /Users/galdara/.rbenv/versions/2.3.0/lib/ruby/gems/2.3.0/gems/web-console-2.2.1/lib/web_console/templates/main.js.erb within layouts/javascript (0.3ms)
  Rendered /Users/galdara/.rbenv/versions/2.3.0/lib/ruby/gems/2.3.0/gems/web-console-2.2.1/lib/web_console/templates/error_page.js.erb within layouts/javascript (0.4ms)
  Rendered /Users/galdara/.rbenv/versions/2.3.0/lib/ruby/gems/2.3.0/gems/web-console-2.2.1/lib/web_console/templates/index.html.erb (121.1ms)


Started GET "/" for ::1 at 2016-01-23 15:29:51 -0800
Processing by RootController#index as HTML
  Rendered root/index.html.haml within layouts/application (2.9ms)
Completed 500 Internal Server Error in 7ms (ActiveRecord: 0.0ms)

ActionView::Template::Error (Asset was not declared to be precompiled in production.
Add `Rails.application.config.assets.precompile += %w( steam.png )` to `config/initializers/assets.rb` and restart your server):
    28:               %a{:href => "/auth/steam"}
    29:                 Sign in
    30:                 = succeed "\u{2122}" do
    31:                   = image_tag 'steam.png',{ height: '20px', :style => "position:relative;line-height:0;top:0"};
    32:             %li
    33:               %a{:href => "#"} Github
    34:             %li
  app/views/root/index.html.haml:31:in `block in _app_views_root_index_html_haml__4243600956456044469_70185576905420'
  app/views/root/index.html.haml:30:in `_app_views_root_index_html_haml__4243600956456044469_70185576905420'


  Rendered /Users/galdara/.rbenv/versions/2.3.0/lib/ruby/gems/2.3.0/gems/actionpack-4.2.4/lib/action_dispatch/middleware/templates/rescues/_source.erb (6.8ms)
  Rendered /Users/galdara/.rbenv/versions/2.3.0/lib/ruby/gems/2.3.0/gems/actionpack-4.2.4/lib/action_dispatch/middleware/templates/rescues/_trace.html.erb (2.5ms)
  Rendered /Users/galdara/.rbenv/versions/2.3.0/lib/ruby/gems/2.3.0/gems/actionpack-4.2.4/lib/action_dispatch/middleware/templates/rescues/_request_and_response.html.erb (0.9ms)
  Rendered /Users/galdara/.rbenv/versions/2.3.0/lib/ruby/gems/2.3.0/gems/actionpack-4.2.4/lib/action_dispatch/middleware/templates/rescues/template_error.html.erb within rescues/layout (66.1ms)
  Rendered /Users/galdara/.rbenv/versions/2.3.0/lib/ruby/gems/2.3.0/gems/web-console-2.2.1/lib/web_console/templates/_markup.html.erb (0.6ms)
  Rendered /Users/galdara/.rbenv/versions/2.3.0/lib/ruby/gems/2.3.0/gems/web-console-2.2.1/lib/web_console/templates/_inner_console_markup.html.erb within layouts/inlined_string (0.4ms)
  Rendered /Users/galdara/.rbenv/versions/2.3.0/lib/ruby/gems/2.3.0/gems/web-console-2.2.1/lib/web_console/templates/_prompt_box_markup.html.erb within layouts/inlined_string (0.4ms)
  Rendered /Users/galdara/.rbenv/versions/2.3.0/lib/ruby/gems/2.3.0/gems/web-console-2.2.1/lib/web_console/templates/style.css.erb within layouts/inlined_string (0.3ms)
  Rendered /Users/galdara/.rbenv/versions/2.3.0/lib/ruby/gems/2.3.0/gems/web-console-2.2.1/lib/web_console/templates/console.js.erb within layouts/javascript (55.4ms)
  Rendered /Users/galdara/.rbenv/versions/2.3.0/lib/ruby/gems/2.3.0/gems/web-console-2.2.1/lib/web_console/templates/main.js.erb within layouts/javascript (0.3ms)
  Rendered /Users/galdara/.rbenv/versions/2.3.0/lib/ruby/gems/2.3.0/gems/web-console-2.2.1/lib/web_console/templates/error_page.js.erb within layouts/javascript (0.6ms)
  Rendered /Users/galdara/.rbenv/versions/2.3.0/lib/ruby/gems/2.3.0/gems/web-console-2.2.1/lib/web_console/templates/index.html.erb (120.9ms)


Started GET "/" for ::1 at 2016-01-23 15:29:58 -0800
Processing by RootController#index as HTML
  Rendered root/index.html.haml within layouts/application (3.2ms)
Completed 500 Internal Server Error in 7ms (ActiveRecord: 0.0ms)

ActionView::Template::Error (Asset was not declared to be precompiled in production.
Add `Rails.application.config.assets.precompile += %w( steam.png )` to `config/initializers/assets.rb` and restart your server):
    28:               %a{:href => "/auth/steam"}
    29:                 Sign in
    30:                 = succeed "\u{2122}" do
    31:                   = image_tag 'steam.png',{ height: '20px', :style => "position:relative;line-height:0;top:0"};
    32:             %li
    33:               %a{:href => "#"} Github
    34:             %li
  app/views/root/index.html.haml:31:in `block in _app_views_root_index_html_haml__4243600956456044469_70185576905420'
  app/views/root/index.html.haml:30:in `_app_views_root_index_html_haml__4243600956456044469_70185576905420'


  Rendered /Users/galdara/.rbenv/versions/2.3.0/lib/ruby/gems/2.3.0/gems/actionpack-4.2.4/lib/action_dispatch/middleware/templates/rescues/_source.erb (13.6ms)
  Rendered /Users/galdara/.rbenv/versions/2.3.0/lib/ruby/gems/2.3.0/gems/actionpack-4.2.4/lib/action_dispatch/middleware/templates/rescues/_trace.html.erb (2.2ms)
  Rendered /Users/galdara/.rbenv/versions/2.3.0/lib/ruby/gems/2.3.0/gems/actionpack-4.2.4/lib/action_dispatch/middleware/templates/rescues/_request_and_response.html.erb (1.4ms)
  Rendered /Users/galdara/.rbenv/versions/2.3.0/lib/ruby/gems/2.3.0/gems/actionpack-4.2.4/lib/action_dispatch/middleware/templates/rescues/template_error.html.erb within rescues/layout (73.3ms)
  Rendered /Users/galdara/.rbenv/versions/2.3.0/lib/ruby/gems/2.3.0/gems/web-console-2.2.1/lib/web_console/templates/_markup.html.erb (0.4ms)
  Rendered /Users/galdara/.rbenv/versions/2.3.0/lib/ruby/gems/2.3.0/gems/web-console-2.2.1/lib/web_console/templates/_inner_console_markup.html.erb within layouts/inlined_string (0.4ms)
  Rendered /Users/galdara/.rbenv/versions/2.3.0/lib/ruby/gems/2.3.0/gems/web-console-2.2.1/lib/web_console/templates/_prompt_box_markup.html.erb within layouts/inlined_string (0.3ms)
  Rendered /Users/galdara/.rbenv/versions/2.3.0/lib/ruby/gems/2.3.0/gems/web-console-2.2.1/lib/web_console/templates/style.css.erb within layouts/inlined_string (0.3ms)
  Rendered /Users/galdara/.rbenv/versions/2.3.0/lib/ruby/gems/2.3.0/gems/web-console-2.2.1/lib/web_console/templates/console.js.erb within layouts/javascript (54.8ms)
  Rendered /Users/galdara/.rbenv/versions/2.3.0/lib/ruby/gems/2.3.0/gems/web-console-2.2.1/lib/web_console/templates/main.js.erb within layouts/javascript (0.3ms)
  Rendered /Users/galdara/.rbenv/versions/2.3.0/lib/ruby/gems/2.3.0/gems/web-console-2.2.1/lib/web_console/templates/error_page.js.erb within layouts/javascript (0.3ms)
  Rendered /Users/galdara/.rbenv/versions/2.3.0/lib/ruby/gems/2.3.0/gems/web-console-2.2.1/lib/web_console/templates/index.html.erb (119.5ms)


Started GET "/" for ::1 at 2016-01-23 15:30:35 -0800
Processing by RootController#index as HTML
  Rendered root/index.html.haml within layouts/application (4.0ms)
Completed 500 Internal Server Error in 8ms (ActiveRecord: 0.0ms)

ActionView::Template::Error (Asset was not declared to be precompiled in production.
Add `Rails.application.config.assets.precompile += %w( steam.png )` to `config/initializers/assets.rb` and restart your server):
    28:               %a{:href => "/auth/steam"}
    29:                 Sign in
    30:                 = succeed "\u{2122}" do
    31:                   = image_tag 'steam.png',{ height: '20px', :style => "position:relative;line-height:0;top:0"};
    32:             %li
    33:               %a{:href => "#"} Github
    34:             %li
  app/views/root/index.html.haml:31:in `block in _app_views_root_index_html_haml__4243600956456044469_70185576905420'
  app/views/root/index.html.haml:30:in `_app_views_root_index_html_haml__4243600956456044469_70185576905420'


  Rendered /Users/galdara/.rbenv/versions/2.3.0/lib/ruby/gems/2.3.0/gems/actionpack-4.2.4/lib/action_dispatch/middleware/templates/rescues/_source.erb (5.6ms)
  Rendered /Users/galdara/.rbenv/versions/2.3.0/lib/ruby/gems/2.3.0/gems/actionpack-4.2.4/lib/action_dispatch/middleware/templates/rescues/_trace.html.erb (2.1ms)
  Rendered /Users/galdara/.rbenv/versions/2.3.0/lib/ruby/gems/2.3.0/gems/actionpack-4.2.4/lib/action_dispatch/middleware/templates/rescues/_request_and_response.html.erb (0.7ms)
  Rendered /Users/galdara/.rbenv/versions/2.3.0/lib/ruby/gems/2.3.0/gems/actionpack-4.2.4/lib/action_dispatch/middleware/templates/rescues/template_error.html.erb within rescues/layout (64.7ms)
  Rendered /Users/galdara/.rbenv/versions/2.3.0/lib/ruby/gems/2.3.0/gems/web-console-2.2.1/lib/web_console/templates/_markup.html.erb (0.6ms)
  Rendered /Users/galdara/.rbenv/versions/2.3.0/lib/ruby/gems/2.3.0/gems/web-console-2.2.1/lib/web_console/templates/_inner_console_markup.html.erb within layouts/inlined_string (0.3ms)
  Rendered /Users/galdara/.rbenv/versions/2.3.0/lib/ruby/gems/2.3.0/gems/web-console-2.2.1/lib/web_console/templates/_prompt_box_markup.html.erb within layouts/inlined_string (0.4ms)
  Rendered /Users/galdara/.rbenv/versions/2.3.0/lib/ruby/gems/2.3.0/gems/web-console-2.2.1/lib/web_console/templates/style.css.erb within layouts/inlined_string (0.4ms)
  Rendered /Users/galdara/.rbenv/versions/2.3.0/lib/ruby/gems/2.3.0/gems/web-console-2.2.1/lib/web_console/templates/console.js.erb within layouts/javascript (53.5ms)
  Rendered /Users/galdara/.rbenv/versions/2.3.0/lib/ruby/gems/2.3.0/gems/web-console-2.2.1/lib/web_console/templates/main.js.erb within layouts/javascript (0.4ms)
  Rendered /Users/galdara/.rbenv/versions/2.3.0/lib/ruby/gems/2.3.0/gems/web-console-2.2.1/lib/web_console/templates/error_page.js.erb within layouts/javascript (0.5ms)
  Rendered /Users/galdara/.rbenv/versions/2.3.0/lib/ruby/gems/2.3.0/gems/web-console-2.2.1/lib/web_console/templates/index.html.erb (119.9ms)


Started GET "/" for ::1 at 2016-01-23 15:31:10 -0800
Processing by RootController#index as HTML
  Rendered root/index.html.haml within layouts/application (4.6ms)
Completed 500 Internal Server Error in 10ms (ActiveRecord: 0.0ms)

ActionView::Template::Error (Asset was not declared to be precompiled in production.
Add `Rails.application.config.assets.precompile += %w( steam.png )` to `config/initializers/assets.rb` and restart your server):
    28:               %a{:href => "/auth/steam"}
    29:                 Sign in
    30:                 = succeed "\u{2122}" do
    31:                   = image_tag 'steam.png',{ height: '20px', :style => "position:relative;line-height:0;top:0"};
    32:             %li
    33:               %a{:href => "#"} Github
    34:             %li
  app/views/root/index.html.haml:31:in `block in _app_views_root_index_html_haml__4243600956456044469_70185576905420'
  app/views/root/index.html.haml:30:in `_app_views_root_index_html_haml__4243600956456044469_70185576905420'


  Rendered /Users/galdara/.rbenv/versions/2.3.0/lib/ruby/gems/2.3.0/gems/actionpack-4.2.4/lib/action_dispatch/middleware/templates/rescues/_source.erb (9.2ms)
  Rendered /Users/galdara/.rbenv/versions/2.3.0/lib/ruby/gems/2.3.0/gems/actionpack-4.2.4/lib/action_dispatch/middleware/templates/rescues/_trace.html.erb (4.0ms)
  Rendered /Users/galdara/.rbenv/versions/2.3.0/lib/ruby/gems/2.3.0/gems/actionpack-4.2.4/lib/action_dispatch/middleware/templates/rescues/_request_and_response.html.erb (1.0ms)
  Rendered /Users/galdara/.rbenv/versions/2.3.0/lib/ruby/gems/2.3.0/gems/actionpack-4.2.4/lib/action_dispatch/middleware/templates/rescues/template_error.html.erb within rescues/layout (75.9ms)
  Rendered /Users/galdara/.rbenv/versions/2.3.0/lib/ruby/gems/2.3.0/gems/web-console-2.2.1/lib/web_console/templates/_markup.html.erb (0.4ms)
  Rendered /Users/galdara/.rbenv/versions/2.3.0/lib/ruby/gems/2.3.0/gems/web-console-2.2.1/lib/web_console/templates/_inner_console_markup.html.erb within layouts/inlined_string (0.3ms)
  Rendered /Users/galdara/.rbenv/versions/2.3.0/lib/ruby/gems/2.3.0/gems/web-console-2.2.1/lib/web_console/templates/_prompt_box_markup.html.erb within layouts/inlined_string (0.6ms)
  Rendered /Users/galdara/.rbenv/versions/2.3.0/lib/ruby/gems/2.3.0/gems/web-console-2.2.1/lib/web_console/templates/style.css.erb within layouts/inlined_string (0.3ms)
  Rendered /Users/galdara/.rbenv/versions/2.3.0/lib/ruby/gems/2.3.0/gems/web-console-2.2.1/lib/web_console/templates/console.js.erb within layouts/javascript (59.7ms)
  Rendered /Users/galdara/.rbenv/versions/2.3.0/lib/ruby/gems/2.3.0/gems/web-console-2.2.1/lib/web_console/templates/main.js.erb within layouts/javascript (0.6ms)
  Rendered /Users/galdara/.rbenv/versions/2.3.0/lib/ruby/gems/2.3.0/gems/web-console-2.2.1/lib/web_console/templates/error_page.js.erb within layouts/javascript (0.5ms)
  Rendered /Users/galdara/.rbenv/versions/2.3.0/lib/ruby/gems/2.3.0/gems/web-console-2.2.1/lib/web_console/templates/index.html.erb (130.6ms)


Started GET "/" for ::1 at 2016-01-23 15:36:14 -0800
Processing by RootController#index as HTML
  Rendered root/index.html.haml within layouts/application (16.5ms)
Completed 500 Internal Server Error in 20ms (ActiveRecord: 0.0ms)

ActionView::Template::Error (Asset was not declared to be precompiled in production.
Add `Rails.application.config.assets.precompile += %w( steam.png )` to `config/initializers/assets.rb` and restart your server):
    28:               %a{:href => "/auth/steam"}
    29:                 Sign in
    30:                 = succeed "\u{2122}" do
    31:                   = image_tag 'steam.png',{ height: '20px', :style => "position:relative;line-height:0;top:0"};
    32:             %li
    33:               %a{:href => "#"} Github
    34:             %li
  app/views/root/index.html.haml:31:in `block in _app_views_root_index_html_haml__4243600956456044469_70185576905420'
  app/views/root/index.html.haml:30:in `_app_views_root_index_html_haml__4243600956456044469_70185576905420'


  Rendered /Users/galdara/.rbenv/versions/2.3.0/lib/ruby/gems/2.3.0/gems/actionpack-4.2.4/lib/action_dispatch/middleware/templates/rescues/_source.erb (5.3ms)
  Rendered /Users/galdara/.rbenv/versions/2.3.0/lib/ruby/gems/2.3.0/gems/actionpack-4.2.4/lib/action_dispatch/middleware/templates/rescues/_trace.html.erb (3.8ms)
  Rendered /Users/galdara/.rbenv/versions/2.3.0/lib/ruby/gems/2.3.0/gems/actionpack-4.2.4/lib/action_dispatch/middleware/templates/rescues/_request_and_response.html.erb (0.9ms)
  Rendered /Users/galdara/.rbenv/versions/2.3.0/lib/ruby/gems/2.3.0/gems/actionpack-4.2.4/lib/action_dispatch/middleware/templates/rescues/template_error.html.erb within rescues/layout (65.7ms)
  Rendered /Users/galdara/.rbenv/versions/2.3.0/lib/ruby/gems/2.3.0/gems/web-console-2.2.1/lib/web_console/templates/_markup.html.erb (0.4ms)
  Rendered /Users/galdara/.rbenv/versions/2.3.0/lib/ruby/gems/2.3.0/gems/web-console-2.2.1/lib/web_console/templates/_inner_console_markup.html.erb within layouts/inlined_string (0.3ms)
  Rendered /Users/galdara/.rbenv/versions/2.3.0/lib/ruby/gems/2.3.0/gems/web-console-2.2.1/lib/web_console/templates/_prompt_box_markup.html.erb within layouts/inlined_string (0.4ms)
  Rendered /Users/galdara/.rbenv/versions/2.3.0/lib/ruby/gems/2.3.0/gems/web-console-2.2.1/lib/web_console/templates/style.css.erb within layouts/inlined_string (0.5ms)
  Rendered /Users/galdara/.rbenv/versions/2.3.0/lib/ruby/gems/2.3.0/gems/web-console-2.2.1/lib/web_console/templates/console.js.erb within layouts/javascript (53.9ms)
  Rendered /Users/galdara/.rbenv/versions/2.3.0/lib/ruby/gems/2.3.0/gems/web-console-2.2.1/lib/web_console/templates/main.js.erb within layouts/javascript (0.3ms)
  Rendered /Users/galdara/.rbenv/versions/2.3.0/lib/ruby/gems/2.3.0/gems/web-console-2.2.1/lib/web_console/templates/error_page.js.erb within layouts/javascript (0.4ms)
  Rendered /Users/galdara/.rbenv/versions/2.3.0/lib/ruby/gems/2.3.0/gems/web-console-2.2.1/lib/web_console/templates/index.html.erb (122.6ms)


Started GET "/" for ::1 at 2016-01-23 15:36:40 -0800
Processing by RootController#index as HTML
  Rendered root/index.html.haml within layouts/application (184.3ms)
Completed 200 OK in 277ms (Views: 267.7ms | ActiveRecord: 0.0ms)


Started GET "/assets/root.self-e3b0c44298fc1c149afbf4c8996fb92427ae41e4649b934ca495991b7852b855.css?body=1" for ::1 at 2016-01-23 15:36:40 -0800


Started GET "/assets/turbolinks.self-c37727e9bd6b2735da5c311aa83fead54ed0be6cc8bd9a65309e9c5abe2cbfff.js?body=1" for ::1 at 2016-01-23 15:36:40 -0800


Started GET "/assets/application.self-e80e8f2318043e8af94dddc2adad5a4f09739a8ebb323b3ab31cd71d45fd9113.css?body=1" for ::1 at 2016-01-23 15:36:40 -0800


Started GET "/assets/jquery.self-c64a74367bda6ef8b860f19e74df08927ca99d2be2ac934e9e92d5fd361e0da4.js?body=1" for ::1 at 2016-01-23 15:36:40 -0800


Started GET "/assets/jquery_ujs.self-d602bdfe68ffc63b9f9cc512872aa3cfff046228a0a36e90dd476e8ef54c1b09.js?body=1" for ::1 at 2016-01-23 15:36:40 -0800


Started GET "/assets/root.self-877aef30ae1b040ab8a3aba4e3e309a11d7f2612f44dde450b5c157aa5f95c05.js?body=1" for ::1 at 2016-01-23 15:36:40 -0800


Started GET "/assets/application.self-3b8dabdc891efe46b9a144b400ad69e37d7e5876bdc39dee783419a69d7ca819.js?body=1" for ::1 at 2016-01-23 15:36:40 -0800


Started GET "/img/steam.png" for ::1 at 2016-01-23 15:36:41 -0800

ActionController::RoutingError (No route matches [GET] "/img/steam.png"):
  actionpack (4.2.4) lib/action_dispatch/middleware/debug_exceptions.rb:21:in `call'
  web-console (2.2.1) lib/web_console/middleware.rb:39:in `call'
  actionpack (4.2.4) lib/action_dispatch/middleware/show_exceptions.rb:30:in `call'
  railties (4.2.4) lib/rails/rack/logger.rb:38:in `call_app'
  railties (4.2.4) lib/rails/rack/logger.rb:20:in `block in call'
  activesupport (4.2.4) lib/active_support/tagged_logging.rb:68:in `block in tagged'
  activesupport (4.2.4) lib/active_support/tagged_logging.rb:26:in `tagged'
  activesupport (4.2.4) lib/active_support/tagged_logging.rb:68:in `tagged'
  railties (4.2.4) lib/rails/rack/logger.rb:20:in `call'
  actionpack (4.2.4) lib/action_dispatch/middleware/request_id.rb:21:in `call'
  rack (1.6.4) lib/rack/methodoverride.rb:22:in `call'
  rack (1.6.4) lib/rack/runtime.rb:18:in `call'
  activesupport (4.2.4) lib/active_support/cache/strategy/local_cache_middleware.rb:28:in `call'
  rack (1.6.4) lib/rack/lock.rb:17:in `call'
  actionpack (4.2.4) lib/action_dispatch/middleware/static.rb:116:in `call'
  rack (1.6.4) lib/rack/sendfile.rb:113:in `call'
  railties (4.2.4) lib/rails/engine.rb:518:in `call'
  railties (4.2.4) lib/rails/application.rb:165:in `call'
  rack (1.6.4) lib/rack/lock.rb:17:in `call'
  rack (1.6.4) lib/rack/content_length.rb:15:in `call'
  rack (1.6.4) lib/rack/handler/webrick.rb:88:in `service'
  /Users/galdara/.rbenv/versions/2.3.0/lib/ruby/2.3.0/webrick/httpserver.rb:140:in `service'
  /Users/galdara/.rbenv/versions/2.3.0/lib/ruby/2.3.0/webrick/httpserver.rb:96:in `run'
  /Users/galdara/.rbenv/versions/2.3.0/lib/ruby/2.3.0/webrick/server.rb:296:in `block in start_thread'


  Rendered /Users/galdara/.rbenv/versions/2.3.0/lib/ruby/gems/2.3.0/gems/actionpack-4.2.4/lib/action_dispatch/middleware/templates/rescues/_trace.html.erb (4.1ms)
  Rendered /Users/galdara/.rbenv/versions/2.3.0/lib/ruby/gems/2.3.0/gems/actionpack-4.2.4/lib/action_dispatch/middleware/templates/routes/_route.html.erb (1.7ms)
  Rendered /Users/galdara/.rbenv/versions/2.3.0/lib/ruby/gems/2.3.0/gems/actionpack-4.2.4/lib/action_dispatch/middleware/templates/routes/_table.html.erb (6.2ms)
  Rendered /Users/galdara/.rbenv/versions/2.3.0/lib/ruby/gems/2.3.0/gems/actionpack-4.2.4/lib/action_dispatch/middleware/templates/rescues/_request_and_response.html.erb (4.5ms)
  Rendered /Users/galdara/.rbenv/versions/2.3.0/lib/ruby/gems/2.3.0/gems/actionpack-4.2.4/lib/action_dispatch/middleware/templates/rescues/routing_error.html.erb within rescues/layout (141.0ms)
  Rendered /Users/galdara/.rbenv/versions/2.3.0/lib/ruby/gems/2.3.0/gems/web-console-2.2.1/lib/web_console/templates/_markup.html.erb (0.6ms)
  Rendered /Users/galdara/.rbenv/versions/2.3.0/lib/ruby/gems/2.3.0/gems/web-console-2.2.1/lib/web_console/templates/_inner_console_markup.html.erb within layouts/inlined_string (2.1ms)
  Rendered /Users/galdara/.rbenv/versions/2.3.0/lib/ruby/gems/2.3.0/gems/web-console-2.2.1/lib/web_console/templates/_prompt_box_markup.html.erb within layouts/inlined_string (0.3ms)
  Rendered /Users/galdara/.rbenv/versions/2.3.0/lib/ruby/gems/2.3.0/gems/web-console-2.2.1/lib/web_console/templates/style.css.erb within layouts/inlined_string (6.1ms)
  Rendered /Users/galdara/.rbenv/versions/2.3.0/lib/ruby/gems/2.3.0/gems/web-console-2.2.1/lib/web_console/templates/console.js.erb within layouts/javascript (152.5ms)
  Rendered /Users/galdara/.rbenv/versions/2.3.0/lib/ruby/gems/2.3.0/gems/web-console-2.2.1/lib/web_console/templates/main.js.erb within layouts/javascript (0.3ms)
  Rendered /Users/galdara/.rbenv/versions/2.3.0/lib/ruby/gems/2.3.0/gems/web-console-2.2.1/lib/web_console/templates/error_page.js.erb within layouts/javascript (0.7ms)
  Rendered /Users/galdara/.rbenv/versions/2.3.0/lib/ruby/gems/2.3.0/gems/web-console-2.2.1/lib/web_console/templates/index.html.erb (265.6ms)


Started GET "/" for ::1 at 2016-01-23 15:37:14 -0800
Processing by RootController#index as HTML
  Rendered root/index.html.haml within layouts/application (263.2ms)
Completed 200 OK in 316ms (Views: 301.6ms | ActiveRecord: 0.0ms)


Started GET "/assets/root.self-e3b0c44298fc1c149afbf4c8996fb92427ae41e4649b934ca495991b7852b855.css?body=1" for ::1 at 2016-01-23 15:37:14 -0800


Started GET "/assets/application.self-e80e8f2318043e8af94dddc2adad5a4f09739a8ebb323b3ab31cd71d45fd9113.css?body=1" for ::1 at 2016-01-23 15:37:14 -0800


Started GET "/assets/jquery_ujs.self-d602bdfe68ffc63b9f9cc512872aa3cfff046228a0a36e90dd476e8ef54c1b09.js?body=1" for ::1 at 2016-01-23 15:37:14 -0800


Started GET "/assets/jquery.self-c64a74367bda6ef8b860f19e74df08927ca99d2be2ac934e9e92d5fd361e0da4.js?body=1" for ::1 at 2016-01-23 15:37:14 -0800


Started GET "/assets/root.self-877aef30ae1b040ab8a3aba4e3e309a11d7f2612f44dde450b5c157aa5f95c05.js?body=1" for ::1 at 2016-01-23 15:37:14 -0800


Started GET "/assets/turbolinks.self-c37727e9bd6b2735da5c311aa83fead54ed0be6cc8bd9a65309e9c5abe2cbfff.js?body=1" for ::1 at 2016-01-23 15:37:32 -0800


Started GET "/assets/application.self-3b8dabdc891efe46b9a144b400ad69e37d7e5876bdc39dee783419a69d7ca819.js?body=1" for ::1 at 2016-01-23 15:37:32 -0800


Started GET "/" for ::1 at 2016-01-23 15:37:32 -0800
Processing by RootController#index as HTML
  Rendered root/index.html.haml within layouts/application (2.1ms)
Completed 200 OK in 25ms (Views: 23.8ms | ActiveRecord: 0.0ms)


Started GET "/" for ::1 at 2016-01-23 15:37:32 -0800
Processing by RootController#index as HTML
  Rendered root/index.html.haml within layouts/application (2.4ms)
Completed 200 OK in 34ms (Views: 33.4ms | ActiveRecord: 0.0ms)


Started GET "/img/steam.png" for ::1 at 2016-01-23 15:37:32 -0800

ActionController::RoutingError (No route matches [GET] "/img/steam.png"):
  actionpack (4.2.4) lib/action_dispatch/middleware/debug_exceptions.rb:21:in `call'
  web-console (2.2.1) lib/web_console/middleware.rb:39:in `call'
  actionpack (4.2.4) lib/action_dispatch/middleware/show_exceptions.rb:30:in `call'
  railties (4.2.4) lib/rails/rack/logger.rb:38:in `call_app'
  railties (4.2.4) lib/rails/rack/logger.rb:20:in `block in call'
  activesupport (4.2.4) lib/active_support/tagged_logging.rb:68:in `block in tagged'
  activesupport (4.2.4) lib/active_support/tagged_logging.rb:26:in `tagged'
  activesupport (4.2.4) lib/active_support/tagged_logging.rb:68:in `tagged'
  railties (4.2.4) lib/rails/rack/logger.rb:20:in `call'
  actionpack (4.2.4) lib/action_dispatch/middleware/request_id.rb:21:in `call'
  rack (1.6.4) lib/rack/methodoverride.rb:22:in `call'
  rack (1.6.4) lib/rack/runtime.rb:18:in `call'
  activesupport (4.2.4) lib/active_support/cache/strategy/local_cache_middleware.rb:28:in `call'
  rack (1.6.4) lib/rack/lock.rb:17:in `call'
  actionpack (4.2.4) lib/action_dispatch/middleware/static.rb:116:in `call'
  rack (1.6.4) lib/rack/sendfile.rb:113:in `call'
  railties (4.2.4) lib/rails/engine.rb:518:in `call'
  railties (4.2.4) lib/rails/application.rb:165:in `call'
  rack (1.6.4) lib/rack/lock.rb:17:in `call'
  rack (1.6.4) lib/rack/content_length.rb:15:in `call'
  rack (1.6.4) lib/rack/handler/webrick.rb:88:in `service'
  /Users/galdara/.rbenv/versions/2.3.0/lib/ruby/2.3.0/webrick/httpserver.rb:140:in `service'
  /Users/galdara/.rbenv/versions/2.3.0/lib/ruby/2.3.0/webrick/httpserver.rb:96:in `run'
  /Users/galdara/.rbenv/versions/2.3.0/lib/ruby/2.3.0/webrick/server.rb:296:in `block in start_thread'


  Rendered /Users/galdara/.rbenv/versions/2.3.0/lib/ruby/gems/2.3.0/gems/actionpack-4.2.4/lib/action_dispatch/middleware/templates/rescues/_trace.html.erb (2.0ms)
  Rendered /Users/galdara/.rbenv/versions/2.3.0/lib/ruby/gems/2.3.0/gems/actionpack-4.2.4/lib/action_dispatch/middleware/templates/routes/_route.html.erb (1.4ms)
  Rendered /Users/galdara/.rbenv/versions/2.3.0/lib/ruby/gems/2.3.0/gems/actionpack-4.2.4/lib/action_dispatch/middleware/templates/routes/_table.html.erb (6.9ms)
  Rendered /Users/galdara/.rbenv/versions/2.3.0/lib/ruby/gems/2.3.0/gems/actionpack-4.2.4/lib/action_dispatch/middleware/templates/rescues/_request_and_response.html.erb (2.2ms)
  Rendered /Users/galdara/.rbenv/versions/2.3.0/lib/ruby/gems/2.3.0/gems/actionpack-4.2.4/lib/action_dispatch/middleware/templates/rescues/routing_error.html.erb within rescues/layout (114.1ms)
  Rendered /Users/galdara/.rbenv/versions/2.3.0/lib/ruby/gems/2.3.0/gems/web-console-2.2.1/lib/web_console/templates/_markup.html.erb (0.5ms)
  Rendered /Users/galdara/.rbenv/versions/2.3.0/lib/ruby/gems/2.3.0/gems/web-console-2.2.1/lib/web_console/templates/_inner_console_markup.html.erb within layouts/inlined_string (0.4ms)
  Rendered /Users/galdara/.rbenv/versions/2.3.0/lib/ruby/gems/2.3.0/gems/web-console-2.2.1/lib/web_console/templates/_prompt_box_markup.html.erb within layouts/inlined_string (0.9ms)
  Rendered /Users/galdara/.rbenv/versions/2.3.0/lib/ruby/gems/2.3.0/gems/web-console-2.2.1/lib/web_console/templates/style.css.erb within layouts/inlined_string (0.6ms)
  Rendered /Users/galdara/.rbenv/versions/2.3.0/lib/ruby/gems/2.3.0/gems/web-console-2.2.1/lib/web_console/templates/console.js.erb within layouts/javascript (63.3ms)
  Rendered /Users/galdara/.rbenv/versions/2.3.0/lib/ruby/gems/2.3.0/gems/web-console-2.2.1/lib/web_console/templates/main.js.erb within layouts/javascript (0.3ms)
  Rendered /Users/galdara/.rbenv/versions/2.3.0/lib/ruby/gems/2.3.0/gems/web-console-2.2.1/lib/web_console/templates/error_page.js.erb within layouts/javascript (0.4ms)
  Rendered /Users/galdara/.rbenv/versions/2.3.0/lib/ruby/gems/2.3.0/gems/web-console-2.2.1/lib/web_console/templates/index.html.erb (136.3ms)


Started GET "/assets/root.self-877aef30ae1b040ab8a3aba4e3e309a11d7f2612f44dde450b5c157aa5f95c05.js?body=1" for ::1 at 2016-01-23 15:37:33 -0800


Started GET "/img/steam.png" for ::1 at 2016-01-23 15:37:33 -0800

ActionController::RoutingError (No route matches [GET] "/img/steam.png"):
  actionpack (4.2.4) lib/action_dispatch/middleware/debug_exceptions.rb:21:in `call'
  web-console (2.2.1) lib/web_console/middleware.rb:39:in `call'
  actionpack (4.2.4) lib/action_dispatch/middleware/show_exceptions.rb:30:in `call'
  railties (4.2.4) lib/rails/rack/logger.rb:38:in `call_app'
  railties (4.2.4) lib/rails/rack/logger.rb:20:in `block in call'
  activesupport (4.2.4) lib/active_support/tagged_logging.rb:68:in `block in tagged'
  activesupport (4.2.4) lib/active_support/tagged_logging.rb:26:in `tagged'
  activesupport (4.2.4) lib/active_support/tagged_logging.rb:68:in `tagged'
  railties (4.2.4) lib/rails/rack/logger.rb:20:in `call'
  actionpack (4.2.4) lib/action_dispatch/middleware/request_id.rb:21:in `call'
  rack (1.6.4) lib/rack/methodoverride.rb:22:in `call'
  rack (1.6.4) lib/rack/runtime.rb:18:in `call'
  activesupport (4.2.4) lib/active_support/cache/strategy/local_cache_middleware.rb:28:in `call'
  rack (1.6.4) lib/rack/lock.rb:17:in `call'
  actionpack (4.2.4) lib/action_dispatch/middleware/static.rb:116:in `call'
  rack (1.6.4) lib/rack/sendfile.rb:113:in `call'
  railties (4.2.4) lib/rails/engine.rb:518:in `call'
  railties (4.2.4) lib/rails/application.rb:165:in `call'
  rack (1.6.4) lib/rack/lock.rb:17:in `call'
  rack (1.6.4) lib/rack/content_length.rb:15:in `call'
  rack (1.6.4) lib/rack/handler/webrick.rb:88:in `service'
  /Users/galdara/.rbenv/versions/2.3.0/lib/ruby/2.3.0/webrick/httpserver.rb:140:in `service'
  /Users/galdara/.rbenv/versions/2.3.0/lib/ruby/2.3.0/webrick/httpserver.rb:96:in `run'
  /Users/galdara/.rbenv/versions/2.3.0/lib/ruby/2.3.0/webrick/server.rb:296:in `block in start_thread'


  Rendered /Users/galdara/.rbenv/versions/2.3.0/lib/ruby/gems/2.3.0/gems/actionpack-4.2.4/lib/action_dispatch/middleware/templates/rescues/_trace.html.erb (2.3ms)
  Rendered /Users/galdara/.rbenv/versions/2.3.0/lib/ruby/gems/2.3.0/gems/actionpack-4.2.4/lib/action_dispatch/middleware/templates/routes/_route.html.erb (1.4ms)
  Rendered /Users/galdara/.rbenv/versions/2.3.0/lib/ruby/gems/2.3.0/gems/actionpack-4.2.4/lib/action_dispatch/middleware/templates/routes/_table.html.erb (1.5ms)
  Rendered /Users/galdara/.rbenv/versions/2.3.0/lib/ruby/gems/2.3.0/gems/actionpack-4.2.4/lib/action_dispatch/middleware/templates/rescues/_request_and_response.html.erb (1.6ms)
  Rendered /Users/galdara/.rbenv/versions/2.3.0/lib/ruby/gems/2.3.0/gems/actionpack-4.2.4/lib/action_dispatch/middleware/templates/rescues/routing_error.html.erb within rescues/layout (106.0ms)
  Rendered /Users/galdara/.rbenv/versions/2.3.0/lib/ruby/gems/2.3.0/gems/web-console-2.2.1/lib/web_console/templates/_markup.html.erb (0.5ms)
  Rendered /Users/galdara/.rbenv/versions/2.3.0/lib/ruby/gems/2.3.0/gems/web-console-2.2.1/lib/web_console/templates/_inner_console_markup.html.erb within layouts/inlined_string (0.6ms)
  Rendered /Users/galdara/.rbenv/versions/2.3.0/lib/ruby/gems/2.3.0/gems/web-console-2.2.1/lib/web_console/templates/_prompt_box_markup.html.erb within layouts/inlined_string (0.8ms)
  Rendered /Users/galdara/.rbenv/versions/2.3.0/lib/ruby/gems/2.3.0/gems/web-console-2.2.1/lib/web_console/templates/style.css.erb within layouts/inlined_string (0.4ms)
  Rendered /Users/galdara/.rbenv/versions/2.3.0/lib/ruby/gems/2.3.0/gems/web-console-2.2.1/lib/web_console/templates/console.js.erb within layouts/javascript (153.8ms)
  Rendered /Users/galdara/.rbenv/versions/2.3.0/lib/ruby/gems/2.3.0/gems/web-console-2.2.1/lib/web_console/templates/main.js.erb within layouts/javascript (0.6ms)
  Rendered /Users/galdara/.rbenv/versions/2.3.0/lib/ruby/gems/2.3.0/gems/web-console-2.2.1/lib/web_console/templates/error_page.js.erb within layouts/javascript (0.5ms)
  Rendered /Users/galdara/.rbenv/versions/2.3.0/lib/ruby/gems/2.3.0/gems/web-console-2.2.1/lib/web_console/templates/index.html.erb (297.0ms)


Started GET "/assets/application.self-3b8dabdc891efe46b9a144b400ad69e37d7e5876bdc39dee783419a69d7ca819.js?body=1" for ::1 at 2016-01-23 15:37:33 -0800


Started GET "/img/steam.png" for ::1 at 2016-01-23 15:37:33 -0800

ActionController::RoutingError (No route matches [GET] "/img/steam.png"):
  actionpack (4.2.4) lib/action_dispatch/middleware/debug_exceptions.rb:21:in `call'
  web-console (2.2.1) lib/web_console/middleware.rb:39:in `call'
  actionpack (4.2.4) lib/action_dispatch/middleware/show_exceptions.rb:30:in `call'
  railties (4.2.4) lib/rails/rack/logger.rb:38:in `call_app'
  railties (4.2.4) lib/rails/rack/logger.rb:20:in `block in call'
  activesupport (4.2.4) lib/active_support/tagged_logging.rb:68:in `block in tagged'
  activesupport (4.2.4) lib/active_support/tagged_logging.rb:26:in `tagged'
  activesupport (4.2.4) lib/active_support/tagged_logging.rb:68:in `tagged'
  railties (4.2.4) lib/rails/rack/logger.rb:20:in `call'
  actionpack (4.2.4) lib/action_dispatch/middleware/request_id.rb:21:in `call'
  rack (1.6.4) lib/rack/methodoverride.rb:22:in `call'
  rack (1.6.4) lib/rack/runtime.rb:18:in `call'
  activesupport (4.2.4) lib/active_support/cache/strategy/local_cache_middleware.rb:28:in `call'
  rack (1.6.4) lib/rack/lock.rb:17:in `call'
  actionpack (4.2.4) lib/action_dispatch/middleware/static.rb:116:in `call'
  rack (1.6.4) lib/rack/sendfile.rb:113:in `call'
  railties (4.2.4) lib/rails/engine.rb:518:in `call'
  railties (4.2.4) lib/rails/application.rb:165:in `call'
  rack (1.6.4) lib/rack/lock.rb:17:in `call'
  rack (1.6.4) lib/rack/content_length.rb:15:in `call'
  rack (1.6.4) lib/rack/handler/webrick.rb:88:in `service'
  /Users/galdara/.rbenv/versions/2.3.0/lib/ruby/2.3.0/webrick/httpserver.rb:140:in `service'
  /Users/galdara/.rbenv/versions/2.3.0/lib/ruby/2.3.0/webrick/httpserver.rb:96:in `run'
  /Users/galdara/.rbenv/versions/2.3.0/lib/ruby/2.3.0/webrick/server.rb:296:in `block in start_thread'


  Rendered /Users/galdara/.rbenv/versions/2.3.0/lib/ruby/gems/2.3.0/gems/actionpack-4.2.4/lib/action_dispatch/middleware/templates/rescues/_trace.html.erb (1.9ms)
  Rendered /Users/galdara/.rbenv/versions/2.3.0/lib/ruby/gems/2.3.0/gems/actionpack-4.2.4/lib/action_dispatch/middleware/templates/routes/_route.html.erb (0.8ms)
  Rendered /Users/galdara/.rbenv/versions/2.3.0/lib/ruby/gems/2.3.0/gems/actionpack-4.2.4/lib/action_dispatch/middleware/templates/routes/_table.html.erb (1.7ms)
  Rendered /Users/galdara/.rbenv/versions/2.3.0/lib/ruby/gems/2.3.0/gems/actionpack-4.2.4/lib/action_dispatch/middleware/templates/rescues/_request_and_response.html.erb (1.2ms)
  Rendered /Users/galdara/.rbenv/versions/2.3.0/lib/ruby/gems/2.3.0/gems/actionpack-4.2.4/lib/action_dispatch/middleware/templates/rescues/routing_error.html.erb within rescues/layout (80.0ms)
  Rendered /Users/galdara/.rbenv/versions/2.3.0/lib/ruby/gems/2.3.0/gems/web-console-2.2.1/lib/web_console/templates/_markup.html.erb (0.8ms)
  Rendered /Users/galdara/.rbenv/versions/2.3.0/lib/ruby/gems/2.3.0/gems/web-console-2.2.1/lib/web_console/templates/_inner_console_markup.html.erb within layouts/inlined_string (0.5ms)
  Rendered /Users/galdara/.rbenv/versions/2.3.0/lib/ruby/gems/2.3.0/gems/web-console-2.2.1/lib/web_console/templates/_prompt_box_markup.html.erb within layouts/inlined_string (0.4ms)
  Rendered /Users/galdara/.rbenv/versions/2.3.0/lib/ruby/gems/2.3.0/gems/web-console-2.2.1/lib/web_console/templates/style.css.erb within layouts/inlined_string (0.4ms)
  Rendered /Users/galdara/.rbenv/versions/2.3.0/lib/ruby/gems/2.3.0/gems/web-console-2.2.1/lib/web_console/templates/console.js.erb within layouts/javascript (60.3ms)
  Rendered /Users/galdara/.rbenv/versions/2.3.0/lib/ruby/gems/2.3.0/gems/web-console-2.2.1/lib/web_console/templates/main.js.erb within layouts/javascript (0.4ms)
  Rendered /Users/galdara/.rbenv/versions/2.3.0/lib/ruby/gems/2.3.0/gems/web-console-2.2.1/lib/web_console/templates/error_page.js.erb within layouts/javascript (0.5ms)
  Rendered /Users/galdara/.rbenv/versions/2.3.0/lib/ruby/gems/2.3.0/gems/web-console-2.2.1/lib/web_console/templates/index.html.erb (147.4ms)


Started GET "/" for ::1 at 2016-01-23 15:47:34 -0800
Processing by RootController#index as HTML
  Rendered root/index.html.haml within layouts/application (162.9ms)
Completed 200 OK in 199ms (Views: 188.8ms | ActiveRecord: 0.0ms)


Started GET "/assets/root.self-e3b0c44298fc1c149afbf4c8996fb92427ae41e4649b934ca495991b7852b855.css?body=1" for ::1 at 2016-01-23 15:47:34 -0800


Started GET "/assets/turbolinks.self-c37727e9bd6b2735da5c311aa83fead54ed0be6cc8bd9a65309e9c5abe2cbfff.js?body=1" for ::1 at 2016-01-23 15:47:34 -0800


Started GET "/assets/jquery.self-c64a74367bda6ef8b860f19e74df08927ca99d2be2ac934e9e92d5fd361e0da4.js?body=1" for ::1 at 2016-01-23 15:47:34 -0800


Started GET "/assets/application.self-e80e8f2318043e8af94dddc2adad5a4f09739a8ebb323b3ab31cd71d45fd9113.css?body=1" for ::1 at 2016-01-23 15:47:34 -0800


Started GET "/assets/jquery_ujs.self-d602bdfe68ffc63b9f9cc512872aa3cfff046228a0a36e90dd476e8ef54c1b09.js?body=1" for ::1 at 2016-01-23 15:47:34 -0800


Started GET "/assets/root.self-877aef30ae1b040ab8a3aba4e3e309a11d7f2612f44dde450b5c157aa5f95c05.js?body=1" for ::1 at 2016-01-23 15:47:34 -0800


Started GET "/assets/application.self-3b8dabdc891efe46b9a144b400ad69e37d7e5876bdc39dee783419a69d7ca819.js?body=1" for ::1 at 2016-01-23 15:47:34 -0800


Started GET "/img/steam.png" for ::1 at 2016-01-23 15:47:34 -0800

ActionController::RoutingError (No route matches [GET] "/img/steam.png"):
  actionpack (4.2.4) lib/action_dispatch/middleware/debug_exceptions.rb:21:in `call'
  web-console (2.2.1) lib/web_console/middleware.rb:39:in `call'
  actionpack (4.2.4) lib/action_dispatch/middleware/show_exceptions.rb:30:in `call'
  railties (4.2.4) lib/rails/rack/logger.rb:38:in `call_app'
  railties (4.2.4) lib/rails/rack/logger.rb:20:in `block in call'
  activesupport (4.2.4) lib/active_support/tagged_logging.rb:68:in `block in tagged'
  activesupport (4.2.4) lib/active_support/tagged_logging.rb:26:in `tagged'
  activesupport (4.2.4) lib/active_support/tagged_logging.rb:68:in `tagged'
  railties (4.2.4) lib/rails/rack/logger.rb:20:in `call'
  actionpack (4.2.4) lib/action_dispatch/middleware/request_id.rb:21:in `call'
  rack (1.6.4) lib/rack/methodoverride.rb:22:in `call'
  rack (1.6.4) lib/rack/runtime.rb:18:in `call'
  activesupport (4.2.4) lib/active_support/cache/strategy/local_cache_middleware.rb:28:in `call'
  rack (1.6.4) lib/rack/lock.rb:17:in `call'
  actionpack (4.2.4) lib/action_dispatch/middleware/static.rb:116:in `call'
  rack (1.6.4) lib/rack/sendfile.rb:113:in `call'
  railties (4.2.4) lib/rails/engine.rb:518:in `call'
  railties (4.2.4) lib/rails/application.rb:165:in `call'
  rack (1.6.4) lib/rack/lock.rb:17:in `call'
  rack (1.6.4) lib/rack/content_length.rb:15:in `call'
  rack (1.6.4) lib/rack/handler/webrick.rb:88:in `service'
  /Users/galdara/.rbenv/versions/2.3.0/lib/ruby/2.3.0/webrick/httpserver.rb:140:in `service'
  /Users/galdara/.rbenv/versions/2.3.0/lib/ruby/2.3.0/webrick/httpserver.rb:96:in `run'
  /Users/galdara/.rbenv/versions/2.3.0/lib/ruby/2.3.0/webrick/server.rb:296:in `block in start_thread'


  Rendered /Users/galdara/.rbenv/versions/2.3.0/lib/ruby/gems/2.3.0/gems/actionpack-4.2.4/lib/action_dispatch/middleware/templates/rescues/_trace.html.erb (1.5ms)
  Rendered /Users/galdara/.rbenv/versions/2.3.0/lib/ruby/gems/2.3.0/gems/actionpack-4.2.4/lib/action_dispatch/middleware/templates/routes/_route.html.erb (0.7ms)
  Rendered /Users/galdara/.rbenv/versions/2.3.0/lib/ruby/gems/2.3.0/gems/actionpack-4.2.4/lib/action_dispatch/middleware/templates/routes/_table.html.erb (2.9ms)
  Rendered /Users/galdara/.rbenv/versions/2.3.0/lib/ruby/gems/2.3.0/gems/actionpack-4.2.4/lib/action_dispatch/middleware/templates/rescues/_request_and_response.html.erb (1.5ms)
  Rendered /Users/galdara/.rbenv/versions/2.3.0/lib/ruby/gems/2.3.0/gems/actionpack-4.2.4/lib/action_dispatch/middleware/templates/rescues/routing_error.html.erb within rescues/layout (91.4ms)
  Rendered /Users/galdara/.rbenv/versions/2.3.0/lib/ruby/gems/2.3.0/gems/web-console-2.2.1/lib/web_console/templates/_markup.html.erb (0.6ms)
  Rendered /Users/galdara/.rbenv/versions/2.3.0/lib/ruby/gems/2.3.0/gems/web-console-2.2.1/lib/web_console/templates/_inner_console_markup.html.erb within layouts/inlined_string (0.4ms)
  Rendered /Users/galdara/.rbenv/versions/2.3.0/lib/ruby/gems/2.3.0/gems/web-console-2.2.1/lib/web_console/templates/_prompt_box_markup.html.erb within layouts/inlined_string (0.5ms)
  Rendered /Users/galdara/.rbenv/versions/2.3.0/lib/ruby/gems/2.3.0/gems/web-console-2.2.1/lib/web_console/templates/style.css.erb within layouts/inlined_string (0.3ms)
  Rendered /Users/galdara/.rbenv/versions/2.3.0/lib/ruby/gems/2.3.0/gems/web-console-2.2.1/lib/web_console/templates/console.js.erb within layouts/javascript (78.1ms)
  Rendered /Users/galdara/.rbenv/versions/2.3.0/lib/ruby/gems/2.3.0/gems/web-console-2.2.1/lib/web_console/templates/main.js.erb within layouts/javascript (0.6ms)
  Rendered /Users/galdara/.rbenv/versions/2.3.0/lib/ruby/gems/2.3.0/gems/web-console-2.2.1/lib/web_console/templates/error_page.js.erb within layouts/javascript (0.6ms)
  Rendered /Users/galdara/.rbenv/versions/2.3.0/lib/ruby/gems/2.3.0/gems/web-console-2.2.1/lib/web_console/templates/index.html.erb (193.3ms)


Started GET "/auth/steam" for ::1 at 2016-01-23 15:47:38 -0800


Started GET "/auth/steam" for ::1 at 2016-01-23 15:47:39 -0800


Started GET "/auth/steam" for ::1 at 2016-01-23 15:47:40 -0800


Started GET "/" for ::1 at 2016-01-23 15:47:47 -0800
Processing by RootController#index as HTML
  Rendered root/index.html.haml within layouts/application (2.7ms)
Completed 200 OK in 24ms (Views: 23.3ms | ActiveRecord: 0.0ms)


Started GET "/img/steam.png" for ::1 at 2016-01-23 15:47:47 -0800

ActionController::RoutingError (No route matches [GET] "/img/steam.png"):
  actionpack (4.2.4) lib/action_dispatch/middleware/debug_exceptions.rb:21:in `call'
  web-console (2.2.1) lib/web_console/middleware.rb:39:in `call'
  actionpack (4.2.4) lib/action_dispatch/middleware/show_exceptions.rb:30:in `call'
  railties (4.2.4) lib/rails/rack/logger.rb:38:in `call_app'
  railties (4.2.4) lib/rails/rack/logger.rb:20:in `block in call'
  activesupport (4.2.4) lib/active_support/tagged_logging.rb:68:in `block in tagged'
  activesupport (4.2.4) lib/active_support/tagged_logging.rb:26:in `tagged'
  activesupport (4.2.4) lib/active_support/tagged_logging.rb:68:in `tagged'
  railties (4.2.4) lib/rails/rack/logger.rb:20:in `call'
  actionpack (4.2.4) lib/action_dispatch/middleware/request_id.rb:21:in `call'
  rack (1.6.4) lib/rack/methodoverride.rb:22:in `call'
  rack (1.6.4) lib/rack/runtime.rb:18:in `call'
  activesupport (4.2.4) lib/active_support/cache/strategy/local_cache_middleware.rb:28:in `call'
  rack (1.6.4) lib/rack/lock.rb:17:in `call'
  actionpack (4.2.4) lib/action_dispatch/middleware/static.rb:116:in `call'
  rack (1.6.4) lib/rack/sendfile.rb:113:in `call'
  railties (4.2.4) lib/rails/engine.rb:518:in `call'
  railties (4.2.4) lib/rails/application.rb:165:in `call'
  rack (1.6.4) lib/rack/lock.rb:17:in `call'
  rack (1.6.4) lib/rack/content_length.rb:15:in `call'
  rack (1.6.4) lib/rack/handler/webrick.rb:88:in `service'
  /Users/galdara/.rbenv/versions/2.3.0/lib/ruby/2.3.0/webrick/httpserver.rb:140:in `service'
  /Users/galdara/.rbenv/versions/2.3.0/lib/ruby/2.3.0/webrick/httpserver.rb:96:in `run'
  /Users/galdara/.rbenv/versions/2.3.0/lib/ruby/2.3.0/webrick/server.rb:296:in `block in start_thread'


  Rendered /Users/galdara/.rbenv/versions/2.3.0/lib/ruby/gems/2.3.0/gems/actionpack-4.2.4/lib/action_dispatch/middleware/templates/rescues/_trace.html.erb (2.1ms)
  Rendered /Users/galdara/.rbenv/versions/2.3.0/lib/ruby/gems/2.3.0/gems/actionpack-4.2.4/lib/action_dispatch/middleware/templates/routes/_route.html.erb (1.3ms)
  Rendered /Users/galdara/.rbenv/versions/2.3.0/lib/ruby/gems/2.3.0/gems/actionpack-4.2.4/lib/action_dispatch/middleware/templates/routes/_table.html.erb (1.9ms)
  Rendered /Users/galdara/.rbenv/versions/2.3.0/lib/ruby/gems/2.3.0/gems/actionpack-4.2.4/lib/action_dispatch/middleware/templates/rescues/_request_and_response.html.erb (1.4ms)
  Rendered /Users/galdara/.rbenv/versions/2.3.0/lib/ruby/gems/2.3.0/gems/actionpack-4.2.4/lib/action_dispatch/middleware/templates/rescues/routing_error.html.erb within rescues/layout (123.5ms)
  Rendered /Users/galdara/.rbenv/versions/2.3.0/lib/ruby/gems/2.3.0/gems/web-console-2.2.1/lib/web_console/templates/_markup.html.erb (0.5ms)
  Rendered /Users/galdara/.rbenv/versions/2.3.0/lib/ruby/gems/2.3.0/gems/web-console-2.2.1/lib/web_console/templates/_inner_console_markup.html.erb within layouts/inlined_string (0.3ms)
  Rendered /Users/galdara/.rbenv/versions/2.3.0/lib/ruby/gems/2.3.0/gems/web-console-2.2.1/lib/web_console/templates/_prompt_box_markup.html.erb within layouts/inlined_string (0.4ms)
  Rendered /Users/galdara/.rbenv/versions/2.3.0/lib/ruby/gems/2.3.0/gems/web-console-2.2.1/lib/web_console/templates/style.css.erb within layouts/inlined_string (0.6ms)
  Rendered /Users/galdara/.rbenv/versions/2.3.0/lib/ruby/gems/2.3.0/gems/web-console-2.2.1/lib/web_console/templates/console.js.erb within layouts/javascript (82.8ms)
  Rendered /Users/galdara/.rbenv/versions/2.3.0/lib/ruby/gems/2.3.0/gems/web-console-2.2.1/lib/web_console/templates/main.js.erb within layouts/javascript (9.4ms)
  Rendered /Users/galdara/.rbenv/versions/2.3.0/lib/ruby/gems/2.3.0/gems/web-console-2.2.1/lib/web_console/templates/error_page.js.erb within layouts/javascript (0.8ms)
  Rendered /Users/galdara/.rbenv/versions/2.3.0/lib/ruby/gems/2.3.0/gems/web-console-2.2.1/lib/web_console/templates/index.html.erb (221.3ms)


Started GET "/auth/steam" for ::1 at 2016-01-23 15:47:50 -0800


Started GET "/auth/steam" for ::1 at 2016-01-23 15:47:52 -0800


Started GET "/auth/steam/callback?_method=post&openid.ns=http%3A%2F%2Fspecs.openid.net%2Fauth%2F2.0&openid.mode=id_res&openid.op_endpoint=https%3A%2F%2Fsteamcommunity.com%2Fopenid%2Flogin&openid.claimed_id=http%3A%2F%2Fsteamcommunity.com%2Fopenid%2Fid%2F76561198056300557&openid.identity=http%3A%2F%2Fsteamcommunity.com%2Fopenid%2Fid%2F76561198056300557&openid.return_to=http%3A%2F%2Flocalhost%3A3000%2Fauth%2Fsteam%2Fcallback%3F_method%3Dpost&openid.response_nonce=2016-01-23T23%3A48%3A01ZzVdA7gFATKk4jpXoEsOrWBmMCNE%3D&openid.assoc_handle=1234567890&openid.signed=signed%2Cop_endpoint%2Cclaimed_id%2Cidentity%2Creturn_to%2Cresponse_nonce%2Cassoc_handle&openid.sig=gnHnnRVdXpbpakfeKphCUKyBPLI%3D" for ::1 at 2016-01-23 15:48:02 -0800

MultiJson::ParseError (822: unexpected token at '<html><head><title>Forbidden</title></head><body><h1>Forbidden</h1>Access is denied. Retrying will not help. Please verify your <pre>key=</pre> parameter.</body></html>'):
  /Users/galdara/.rbenv/versions/2.3.0/lib/ruby/2.3.0/json/common.rb:156:in `parse'
  /Users/galdara/.rbenv/versions/2.3.0/lib/ruby/2.3.0/json/common.rb:156:in `parse'
  multi_json (1.11.2) lib/multi_json/adapters/json_common.rb:14:in `load'
  multi_json (1.11.2) lib/multi_json/adapter.rb:21:in `load'
  multi_json (1.11.2) lib/multi_json.rb:119:in `load'
  omniauth-steam (1.0.3) lib/omniauth/strategies/steam.rb:35:in `raw_info'
  omniauth-steam (1.0.3) lib/omniauth/strategies/steam.rb:39:in `player'
  omniauth-steam (1.0.3) lib/omniauth/strategies/steam.rb:17:in `block in <class:Steam>'
  omniauth (1.3.1) lib/omniauth/strategy.rb:105:in `instance_eval'
  omniauth (1.3.1) lib/omniauth/strategy.rb:105:in `block in compile_stack'
  omniauth (1.3.1) lib/omniauth/strategy.rb:104:in `each'
  omniauth (1.3.1) lib/omniauth/strategy.rb:104:in `inject'
  omniauth (1.3.1) lib/omniauth/strategy.rb:104:in `compile_stack'
  (eval):7:in `info_stack'
  omniauth (1.3.1) lib/omniauth/strategy.rb:321:in `info'
  omniauth (1.3.1) lib/omniauth/strategy.rb:334:in `auth_hash'
  omniauth (1.3.1) lib/omniauth/strategy.rb:361:in `callback_phase'
  omniauth-openid (1.0.1) lib/omniauth/strategies/open_id.rb:81:in `callback_phase'
  omniauth (1.3.1) lib/omniauth/strategy.rb:227:in `callback_call'
  omniauth (1.3.1) lib/omniauth/strategy.rb:184:in `call!'
  omniauth (1.3.1) lib/omniauth/strategy.rb:164:in `call'
  omniauth (1.3.1) lib/omniauth/builder.rb:63:in `call'
  rack (1.6.4) lib/rack/etag.rb:24:in `call'
  rack (1.6.4) lib/rack/conditionalget.rb:25:in `call'
  rack (1.6.4) lib/rack/head.rb:13:in `call'
  actionpack (4.2.4) lib/action_dispatch/middleware/params_parser.rb:27:in `call'
  actionpack (4.2.4) lib/action_dispatch/middleware/flash.rb:260:in `call'
  rack (1.6.4) lib/rack/session/abstract/id.rb:225:in `context'
  rack (1.6.4) lib/rack/session/abstract/id.rb:220:in `call'
  actionpack (4.2.4) lib/action_dispatch/middleware/cookies.rb:560:in `call'
  activerecord (4.2.4) lib/active_record/query_cache.rb:36:in `call'
  activerecord (4.2.4) lib/active_record/connection_adapters/abstract/connection_pool.rb:653:in `call'
  activerecord (4.2.4) lib/active_record/migration.rb:377:in `call'
  actionpack (4.2.4) lib/action_dispatch/middleware/callbacks.rb:29:in `block in call'
  activesupport (4.2.4) lib/active_support/callbacks.rb:88:in `__run_callbacks__'
  activesupport (4.2.4) lib/active_support/callbacks.rb:778:in `_run_call_callbacks'
  activesupport (4.2.4) lib/active_support/callbacks.rb:81:in `run_callbacks'
  actionpack (4.2.4) lib/action_dispatch/middleware/callbacks.rb:27:in `call'
  actionpack (4.2.4) lib/action_dispatch/middleware/reloader.rb:73:in `call'
  actionpack (4.2.4) lib/action_dispatch/middleware/remote_ip.rb:78:in `call'
  actionpack (4.2.4) lib/action_dispatch/middleware/debug_exceptions.rb:17:in `call'
  web-console (2.2.1) lib/web_console/middleware.rb:39:in `call'
  actionpack (4.2.4) lib/action_dispatch/middleware/show_exceptions.rb:30:in `call'
  railties (4.2.4) lib/rails/rack/logger.rb:38:in `call_app'
  railties (4.2.4) lib/rails/rack/logger.rb:20:in `block in call'
  activesupport (4.2.4) lib/active_support/tagged_logging.rb:68:in `block in tagged'
  activesupport (4.2.4) lib/active_support/tagged_logging.rb:26:in `tagged'
  activesupport (4.2.4) lib/active_support/tagged_logging.rb:68:in `tagged'
  railties (4.2.4) lib/rails/rack/logger.rb:20:in `call'
  actionpack (4.2.4) lib/action_dispatch/middleware/request_id.rb:21:in `call'
  rack (1.6.4) lib/rack/methodoverride.rb:22:in `call'
  rack (1.6.4) lib/rack/runtime.rb:18:in `call'
  activesupport (4.2.4) lib/active_support/cache/strategy/local_cache_middleware.rb:28:in `call'
  rack (1.6.4) lib/rack/lock.rb:17:in `call'
  actionpack (4.2.4) lib/action_dispatch/middleware/static.rb:116:in `call'
  rack (1.6.4) lib/rack/sendfile.rb:113:in `call'
  railties (4.2.4) lib/rails/engine.rb:518:in `call'
  railties (4.2.4) lib/rails/application.rb:165:in `call'
  rack (1.6.4) lib/rack/lock.rb:17:in `call'
  rack (1.6.4) lib/rack/content_length.rb:15:in `call'
  rack (1.6.4) lib/rack/handler/webrick.rb:88:in `service'
  /Users/galdara/.rbenv/versions/2.3.0/lib/ruby/2.3.0/webrick/httpserver.rb:140:in `service'
  /Users/galdara/.rbenv/versions/2.3.0/lib/ruby/2.3.0/webrick/httpserver.rb:96:in `run'
  /Users/galdara/.rbenv/versions/2.3.0/lib/ruby/2.3.0/webrick/server.rb:296:in `block in start_thread'


  Rendered /Users/galdara/.rbenv/versions/2.3.0/lib/ruby/gems/2.3.0/gems/actionpack-4.2.4/lib/action_dispatch/middleware/templates/rescues/_source.erb (14.3ms)
  Rendered /Users/galdara/.rbenv/versions/2.3.0/lib/ruby/gems/2.3.0/gems/actionpack-4.2.4/lib/action_dispatch/middleware/templates/rescues/_trace.html.erb (1.5ms)
  Rendered /Users/galdara/.rbenv/versions/2.3.0/lib/ruby/gems/2.3.0/gems/actionpack-4.2.4/lib/action_dispatch/middleware/templates/rescues/_request_and_response.html.erb (1.0ms)
  Rendered /Users/galdara/.rbenv/versions/2.3.0/lib/ruby/gems/2.3.0/gems/actionpack-4.2.4/lib/action_dispatch/middleware/templates/rescues/diagnostics.html.erb within rescues/layout (73.6ms)
  Rendered /Users/galdara/.rbenv/versions/2.3.0/lib/ruby/gems/2.3.0/gems/web-console-2.2.1/lib/web_console/templates/_markup.html.erb (0.4ms)
  Rendered /Users/galdara/.rbenv/versions/2.3.0/lib/ruby/gems/2.3.0/gems/web-console-2.2.1/lib/web_console/templates/_inner_console_markup.html.erb within layouts/inlined_string (0.4ms)
  Rendered /Users/galdara/.rbenv/versions/2.3.0/lib/ruby/gems/2.3.0/gems/web-console-2.2.1/lib/web_console/templates/_prompt_box_markup.html.erb within layouts/inlined_string (0.3ms)
  Rendered /Users/galdara/.rbenv/versions/2.3.0/lib/ruby/gems/2.3.0/gems/web-console-2.2.1/lib/web_console/templates/style.css.erb within layouts/inlined_string (0.6ms)
  Rendered /Users/galdara/.rbenv/versions/2.3.0/lib/ruby/gems/2.3.0/gems/web-console-2.2.1/lib/web_console/templates/console.js.erb within layouts/javascript (55.9ms)
  Rendered /Users/galdara/.rbenv/versions/2.3.0/lib/ruby/gems/2.3.0/gems/web-console-2.2.1/lib/web_console/templates/main.js.erb within layouts/javascript (0.3ms)
  Rendered /Users/galdara/.rbenv/versions/2.3.0/lib/ruby/gems/2.3.0/gems/web-console-2.2.1/lib/web_console/templates/error_page.js.erb within layouts/javascript (0.4ms)
  Rendered /Users/galdara/.rbenv/versions/2.3.0/lib/ruby/gems/2.3.0/gems/web-console-2.2.1/lib/web_console/templates/index.html.erb (123.3ms)


Started GET "/" for ::1 at 2016-01-23 18:45:05 -0800
Processing by RootController#index as HTML
  Rendered root/index.html.haml within layouts/application (3.2ms)
Completed 200 OK in 34ms (Views: 33.0ms | ActiveRecord: 0.0ms)


Started GET "/" for ::1 at 2016-01-23 18:45:06 -0800
Processing by RootController#index as HTML
  Rendered root/index.html.haml within layouts/application (1.5ms)
Completed 200 OK in 20ms (Views: 18.8ms | ActiveRecord: 0.0ms)


Started GET "/img/steam.png" for ::1 at 2016-01-23 18:45:06 -0800

ActionController::RoutingError (No route matches [GET] "/img/steam.png"):
  actionpack (4.2.4) lib/action_dispatch/middleware/debug_exceptions.rb:21:in `call'
  web-console (2.2.1) lib/web_console/middleware.rb:39:in `call'
  actionpack (4.2.4) lib/action_dispatch/middleware/show_exceptions.rb:30:in `call'
  railties (4.2.4) lib/rails/rack/logger.rb:38:in `call_app'
  railties (4.2.4) lib/rails/rack/logger.rb:20:in `block in call'
  activesupport (4.2.4) lib/active_support/tagged_logging.rb:68:in `block in tagged'
  activesupport (4.2.4) lib/active_support/tagged_logging.rb:26:in `tagged'
  activesupport (4.2.4) lib/active_support/tagged_logging.rb:68:in `tagged'
  railties (4.2.4) lib/rails/rack/logger.rb:20:in `call'
  actionpack (4.2.4) lib/action_dispatch/middleware/request_id.rb:21:in `call'
  rack (1.6.4) lib/rack/methodoverride.rb:22:in `call'
  rack (1.6.4) lib/rack/runtime.rb:18:in `call'
  activesupport (4.2.4) lib/active_support/cache/strategy/local_cache_middleware.rb:28:in `call'
  rack (1.6.4) lib/rack/lock.rb:17:in `call'
  actionpack (4.2.4) lib/action_dispatch/middleware/static.rb:116:in `call'
  rack (1.6.4) lib/rack/sendfile.rb:113:in `call'
  railties (4.2.4) lib/rails/engine.rb:518:in `call'
  railties (4.2.4) lib/rails/application.rb:165:in `call'
  rack (1.6.4) lib/rack/lock.rb:17:in `call'
  rack (1.6.4) lib/rack/content_length.rb:15:in `call'
  rack (1.6.4) lib/rack/handler/webrick.rb:88:in `service'
  /Users/galdara/.rbenv/versions/2.3.0/lib/ruby/2.3.0/webrick/httpserver.rb:140:in `service'
  /Users/galdara/.rbenv/versions/2.3.0/lib/ruby/2.3.0/webrick/httpserver.rb:96:in `run'
  /Users/galdara/.rbenv/versions/2.3.0/lib/ruby/2.3.0/webrick/server.rb:296:in `block in start_thread'


  Rendered /Users/galdara/.rbenv/versions/2.3.0/lib/ruby/gems/2.3.0/gems/actionpack-4.2.4/lib/action_dispatch/middleware/templates/rescues/_trace.html.erb (1.3ms)
  Rendered /Users/galdara/.rbenv/versions/2.3.0/lib/ruby/gems/2.3.0/gems/actionpack-4.2.4/lib/action_dispatch/middleware/templates/routes/_route.html.erb (1.1ms)
  Rendered /Users/galdara/.rbenv/versions/2.3.0/lib/ruby/gems/2.3.0/gems/actionpack-4.2.4/lib/action_dispatch/middleware/templates/routes/_table.html.erb (1.2ms)
  Rendered /Users/galdara/.rbenv/versions/2.3.0/lib/ruby/gems/2.3.0/gems/actionpack-4.2.4/lib/action_dispatch/middleware/templates/rescues/_request_and_response.html.erb (1.4ms)
  Rendered /Users/galdara/.rbenv/versions/2.3.0/lib/ruby/gems/2.3.0/gems/actionpack-4.2.4/lib/action_dispatch/middleware/templates/rescues/routing_error.html.erb within rescues/layout (80.1ms)
  Rendered /Users/galdara/.rbenv/versions/2.3.0/lib/ruby/gems/2.3.0/gems/web-console-2.2.1/lib/web_console/templates/_markup.html.erb (0.4ms)
  Rendered /Users/galdara/.rbenv/versions/2.3.0/lib/ruby/gems/2.3.0/gems/web-console-2.2.1/lib/web_console/templates/_inner_console_markup.html.erb within layouts/inlined_string (0.3ms)
  Rendered /Users/galdara/.rbenv/versions/2.3.0/lib/ruby/gems/2.3.0/gems/web-console-2.2.1/lib/web_console/templates/_prompt_box_markup.html.erb within layouts/inlined_string (0.3ms)
  Rendered /Users/galdara/.rbenv/versions/2.3.0/lib/ruby/gems/2.3.0/gems/web-console-2.2.1/lib/web_console/templates/style.css.erb within layouts/inlined_string (0.4ms)
  Rendered /Users/galdara/.rbenv/versions/2.3.0/lib/ruby/gems/2.3.0/gems/web-console-2.2.1/lib/web_console/templates/console.js.erb within layouts/javascript (58.1ms)
  Rendered /Users/galdara/.rbenv/versions/2.3.0/lib/ruby/gems/2.3.0/gems/web-console-2.2.1/lib/web_console/templates/main.js.erb within layouts/javascript (0.6ms)
  Rendered /Users/galdara/.rbenv/versions/2.3.0/lib/ruby/gems/2.3.0/gems/web-console-2.2.1/lib/web_console/templates/error_page.js.erb within layouts/javascript (0.5ms)
  Rendered /Users/galdara/.rbenv/versions/2.3.0/lib/ruby/gems/2.3.0/gems/web-console-2.2.1/lib/web_console/templates/index.html.erb (131.8ms)


Started GET "/" for ::1 at 2016-01-23 18:54:16 -0800
Processing by RootController#index as HTML
  Rendered root/index.html.haml within layouts/application (264.7ms)
Completed 200 OK in 348ms (Views: 337.9ms | ActiveRecord: 0.0ms)


Started GET "/assets/root.self-e3b0c44298fc1c149afbf4c8996fb92427ae41e4649b934ca495991b7852b855.css?body=1" for ::1 at 2016-01-23 18:54:16 -0800


Started GET "/assets/jquery.self-c64a74367bda6ef8b860f19e74df08927ca99d2be2ac934e9e92d5fd361e0da4.js?body=1" for ::1 at 2016-01-23 18:54:16 -0800


Started GET "/assets/steam_callback.self-877aef30ae1b040ab8a3aba4e3e309a11d7f2612f44dde450b5c157aa5f95c05.js?body=1" for ::1 at 2016-01-23 18:54:16 -0800


Started GET "/assets/application.self-e80e8f2318043e8af94dddc2adad5a4f09739a8ebb323b3ab31cd71d45fd9113.css?body=1" for ::1 at 2016-01-23 18:54:16 -0800


Started GET "/assets/jquery_ujs.self-d602bdfe68ffc63b9f9cc512872aa3cfff046228a0a36e90dd476e8ef54c1b09.js?body=1" for ::1 at 2016-01-23 18:54:16 -0800


Started GET "/assets/steam_callback.self-e3b0c44298fc1c149afbf4c8996fb92427ae41e4649b934ca495991b7852b855.css?body=1" for ::1 at 2016-01-23 18:54:16 -0800


Started GET "/assets/turbolinks.self-c37727e9bd6b2735da5c311aa83fead54ed0be6cc8bd9a65309e9c5abe2cbfff.js?body=1" for ::1 at 2016-01-23 18:54:16 -0800


Started GET "/assets/application.self-3b8dabdc891efe46b9a144b400ad69e37d7e5876bdc39dee783419a69d7ca819.js?body=1" for ::1 at 2016-01-23 18:54:16 -0800


Started GET "/assets/root.self-877aef30ae1b040ab8a3aba4e3e309a11d7f2612f44dde450b5c157aa5f95c05.js?body=1" for ::1 at 2016-01-23 18:54:16 -0800


Started GET "/auth/steam" for ::1 at 2016-01-23 18:54:18 -0800
